SF:crates/libcgroups/src/common.rs
FN:109,_RINvNtCslEpTaKix7hR_10libcgroups6common17write_cgroup_fileNtNtCslIgaOqvXPTn_3std4path7PathBufmEB4_
FN:103,_RNCINvNtCslEpTaKix7hR_10libcgroups6common21write_cgroup_file_strRNtNtCslIgaOqvXPTn_3std4path7PathBufEs_0B6_
FN:71,_RNvXs3_NtCslEpTaKix7hR_10libcgroups6commonNtB5_12FreezerStateNtNtCshypYLURccL2_4core3fmt5Debug3fmt
FN:126,_RNCINvNtCslEpTaKix7hR_10libcgroups6common16read_cgroup_fileNtNtCslIgaOqvXPTn_3std4path7PathBufE0B6_
FN:353,_RNvNtCslEpTaKix7hR_10libcgroups6common15default_devices
FN:297,_RNCINvXs_NtCslEpTaKix7hR_10libcgroups6commonNtNtCslIgaOqvXPTn_3std4path7PathBufNtB7_10PathBufExt11join_safelyRBG_E0B9_
FN:118,_RNCINvNtCslEpTaKix7hR_10libcgroups6common17write_cgroup_fileRNtNtCslIgaOqvXPTn_3std4path7PathBufRNtNtCsdfjrgz5TZDL_5alloc6string6StringEs_0B6_
FN:51,_RNvXs0_NtCslEpTaKix7hR_10libcgroups6commonNtB5_11CgroupSetupNtNtCshypYLURccL2_4core3fmt5Debug3fmt
FN:118,_RNCINvNtCslEpTaKix7hR_10libcgroups6common17write_cgroup_fileNtNtCslIgaOqvXPTn_3std4path7PathBufmEs_0B6_
FN:116,_RNCINvNtCslEpTaKix7hR_10libcgroups6common17write_cgroup_fileNtNtCslIgaOqvXPTn_3std4path7PathBufReE0B6_
FN:118,_RNCINvNtCslEpTaKix7hR_10libcgroups6common17write_cgroup_fileRNtNtCslIgaOqvXPTn_3std4path7PathBufyEs_0B6_
FN:252,_RNvNtCslEpTaKix7hR_10libcgroups6common12get_all_pids
FN:118,_RNCINvNtCslEpTaKix7hR_10libcgroups6common17write_cgroup_fileNtNtCslIgaOqvXPTn_3std4path7PathBufxEs_0B6_
FN:302,_RNvNtCslEpTaKix7hR_10libcgroups6common21default_allow_devices
FN:174,_RINvNtCslEpTaKix7hR_10libcgroups6common21create_cgroup_managerpEB4_
FN:272,_RINvNtCslEpTaKix7hR_10libcgroups6common8walk_dirpEB4_
FN:118,_RNCINvNtCslEpTaKix7hR_10libcgroups6common17write_cgroup_fileNtNtCslIgaOqvXPTn_3std4path7PathBuflEs_0B6_
FN:109,_RINvNtCslEpTaKix7hR_10libcgroups6common17write_cgroup_fileNtNtCslIgaOqvXPTn_3std4path7PathBuflEB4_
FN:118,_RNCINvNtCslEpTaKix7hR_10libcgroups6common17write_cgroup_fileNtNtCslIgaOqvXPTn_3std4path7PathBufNtNtCsdfjrgz5TZDL_5alloc6string6StringEs_0B6_
FN:109,_RINvNtCslEpTaKix7hR_10libcgroups6common17write_cgroup_fileNtNtCslIgaOqvXPTn_3std4path7PathBufNtNtCsdfjrgz5TZDL_5alloc6string6StringEB4_
FN:116,_RNCINvNtCslEpTaKix7hR_10libcgroups6common17write_cgroup_fileNtNtCslIgaOqvXPTn_3std4path7PathBufyE0B6_
FN:220,_RNvNtCslEpTaKix7hR_10libcgroups6common29create_systemd_cgroup_manager
FN:124,_RINvNtCslEpTaKix7hR_10libcgroups6common16read_cgroup_fileRNtNtCslIgaOqvXPTn_3std4path7PathBufEB4_
FN:116,_RNCINvNtCslEpTaKix7hR_10libcgroups6common17write_cgroup_fileNtNtCslIgaOqvXPTn_3std4path7PathBufNtNtCsc0Hr9amllDc_3nix6unistd3PidE0B6_
FN:101,_RNCINvNtCslEpTaKix7hR_10libcgroups6common21write_cgroup_file_strNtNtCslIgaOqvXPTn_3std4path7PathBufE0B6_
FN:116,_RNCINvNtCslEpTaKix7hR_10libcgroups6common17write_cgroup_fileNtNtCslIgaOqvXPTn_3std4path7PathBufRNtNtCsdfjrgz5TZDL_5alloc6string6StringE0B6_
FN:159,_RNCNvNtCslEpTaKix7hR_10libcgroups6common16get_cgroup_setups_0B5_
FN:109,_RINvNtCslEpTaKix7hR_10libcgroups6common17write_cgroup_fileRNtNtCslIgaOqvXPTn_3std4path7PathBufRNtNtCsdfjrgz5TZDL_5alloc6string6StringEB4_
FN:109,_RINvNtCslEpTaKix7hR_10libcgroups6common17write_cgroup_fileNtNtCslIgaOqvXPTn_3std4path7PathBufyEB4_
FN:71,_RNvXs7_NtCslEpTaKix7hR_10libcgroups6commonNtB5_12FreezerStateNtNtCshypYLURccL2_4core3cmp9PartialEq2eqB7_
FN:71,_RNvXs1_NtCslEpTaKix7hR_10libcgroups6commonNtB5_12FreezerStateNtNtCshypYLURccL2_4core5clone5Clone5cloneB7_
FN:297,_RNCINvXs_NtCslEpTaKix7hR_10libcgroups6commonNtNtCslIgaOqvXPTn_3std4path7PathBufNtB7_10PathBufExt11join_safelyRNtNtCsdfjrgz5TZDL_5alloc6string6StringE0B9_
FN:124,_RINvNtCslEpTaKix7hR_10libcgroups6common16read_cgroup_fileRNtNtCslIgaOqvXPTn_3std4path4PathEB4_
FN:116,_RNCINvNtCslEpTaKix7hR_10libcgroups6common17write_cgroup_fileNtNtCslIgaOqvXPTn_3std4path7PathBuftE0B6_
FN:118,_RNCINvNtCslEpTaKix7hR_10libcgroups6common17write_cgroup_fileNtNtCslIgaOqvXPTn_3std4path7PathBufNtNtCsc0Hr9amllDc_3nix6unistd3PidEs_0B6_
FN:118,_RNCINvNtCslEpTaKix7hR_10libcgroups6common17write_cgroup_fileNtNtCslIgaOqvXPTn_3std4path7PathBufRNtNtCsdfjrgz5TZDL_5alloc6string6StringEs_0B6_
FN:95,_RINvNtCslEpTaKix7hR_10libcgroups6common21write_cgroup_file_strNtNtCslIgaOqvXPTn_3std4path7PathBufEB4_
FN:109,_RINvNtCslEpTaKix7hR_10libcgroups6common17write_cgroup_fileRNtNtCslIgaOqvXPTn_3std4path7PathBuftEB4_
FN:118,_RNCINvNtCslEpTaKix7hR_10libcgroups6common17write_cgroup_fileRNtNtCslIgaOqvXPTn_3std4path7PathBuftEs_0B6_
FN:82,_RNvXs9_NtCslEpTaKix7hR_10libcgroups6commonNtB5_13ControllerOptNtNtCshypYLURccL2_4core3fmt5Debug3fmt
FN:109,_RINvNtCslEpTaKix7hR_10libcgroups6common17write_cgroup_fileNtNtCslIgaOqvXPTn_3std4path7PathBufNtNtCsc0Hr9amllDc_3nix6unistd3PidEB4_
FN:116,_RNCINvNtCslEpTaKix7hR_10libcgroups6common17write_cgroup_fileNtNtCslIgaOqvXPTn_3std4path7PathBufxE0B6_
FN:195,_RNvNtCslEpTaKix7hR_10libcgroups6common24create_v1_cgroup_manager
FN:116,_RNCINvNtCslEpTaKix7hR_10libcgroups6common17write_cgroup_fileNtNtCslIgaOqvXPTn_3std4path7PathBuflE0B6_
FN:116,_RNCINvNtCslEpTaKix7hR_10libcgroups6common17write_cgroup_fileRNtNtCslIgaOqvXPTn_3std4path7PathBuftE0B6_
FN:126,_RNCINvNtCslEpTaKix7hR_10libcgroups6common16read_cgroup_fileRNtNtCslIgaOqvXPTn_3std4path7PathBufE0B6_
FN:255,_RNCNvNtCslEpTaKix7hR_10libcgroups6common12get_all_pids0B5_
FN:137,_RNvNtCslEpTaKix7hR_10libcgroups6common16get_cgroup_setup
FN:109,_RINvNtCslEpTaKix7hR_10libcgroups6common17write_cgroup_fileNtNtCslIgaOqvXPTn_3std4path7PathBufRNtNtCsdfjrgz5TZDL_5alloc6string6StringEB4_
FN:124,_RINvNtCslEpTaKix7hR_10libcgroups6common16read_cgroup_fileNtNtCslIgaOqvXPTn_3std4path7PathBufEB4_
FN:109,_RINvNtCslEpTaKix7hR_10libcgroups6common17write_cgroup_fileNtNtCslIgaOqvXPTn_3std4path7PathBufReEB4_
FN:82,_RNvXs8_NtCslEpTaKix7hR_10libcgroups6commonNtB5_13ControllerOptNtNtCshypYLURccL2_4core5clone5Clone5cloneB7_
FN:118,_RNCINvNtCslEpTaKix7hR_10libcgroups6common17write_cgroup_fileNtNtCslIgaOqvXPTn_3std4path7PathBufyEs_0B6_
FN:109,_RINvNtCslEpTaKix7hR_10libcgroups6common17write_cgroup_fileNtNtCslIgaOqvXPTn_3std4path7PathBuftEB4_
FN:407,_RINvNtCslEpTaKix7hR_10libcgroups6common17delete_with_retryppEB4_
FN:59,_RNvXNtCslEpTaKix7hR_10libcgroups6commonNtB2_11CgroupSetupNtNtCshypYLURccL2_4core3fmt7Display3fmt
FN:95,_RINvNtCslEpTaKix7hR_10libcgroups6common21write_cgroup_file_strRNtNtCslIgaOqvXPTn_3std4path7PathBufEB4_
FN:116,_RNCINvNtCslEpTaKix7hR_10libcgroups6common17write_cgroup_fileNtNtCslIgaOqvXPTn_3std4path7PathBufNtNtCsdfjrgz5TZDL_5alloc6string6StringE0B6_
FN:101,_RNCINvNtCslEpTaKix7hR_10libcgroups6common21write_cgroup_file_strRNtNtCslIgaOqvXPTn_3std4path7PathBufE0B6_
FN:109,_RINvNtCslEpTaKix7hR_10libcgroups6common17write_cgroup_fileRNtNtCslIgaOqvXPTn_3std4path7PathBufyEB4_
FN:118,_RNCINvNtCslEpTaKix7hR_10libcgroups6common17write_cgroup_fileNtNtCslIgaOqvXPTn_3std4path7PathBufReEs_0B6_
FN:118,_RNCINvNtCslEpTaKix7hR_10libcgroups6common17write_cgroup_fileNtNtCslIgaOqvXPTn_3std4path7PathBuftEs_0B6_
FN:206,_RNvNtCslEpTaKix7hR_10libcgroups6common24create_v2_cgroup_manager
FN:109,_RINvNtCslEpTaKix7hR_10libcgroups6common17write_cgroup_fileNtNtCslIgaOqvXPTn_3std4path7PathBufxEB4_
FN:116,_RNCINvNtCslEpTaKix7hR_10libcgroups6common17write_cgroup_fileRNtNtCslIgaOqvXPTn_3std4path7PathBufRNtNtCsdfjrgz5TZDL_5alloc6string6StringE0B6_
FN:145,_RNCNvNtCslEpTaKix7hR_10libcgroups6common16get_cgroup_setup0B5_
FN:126,_RNCINvNtCslEpTaKix7hR_10libcgroups6common16read_cgroup_fileRNtNtCslIgaOqvXPTn_3std4path4PathE0B6_
FN:116,_RNCINvNtCslEpTaKix7hR_10libcgroups6common17write_cgroup_fileRNtNtCslIgaOqvXPTn_3std4path7PathBufyE0B6_
FN:116,_RNCINvNtCslEpTaKix7hR_10libcgroups6common17write_cgroup_fileNtNtCslIgaOqvXPTn_3std4path7PathBufmE0B6_
FN:103,_RNCINvNtCslEpTaKix7hR_10libcgroups6common21write_cgroup_file_strNtNtCslIgaOqvXPTn_3std4path7PathBufEs_0B6_
FN:289,_RINvXs_NtCslEpTaKix7hR_10libcgroups6commonNtNtCslIgaOqvXPTn_3std4path7PathBufNtB5_10PathBufExt11join_safelyRBE_EB7_
FN:289,_RINvXs_NtCslEpTaKix7hR_10libcgroups6commonNtNtCslIgaOqvXPTn_3std4path7PathBufNtB5_10PathBufExt11join_safelyRNtNtCsdfjrgz5TZDL_5alloc6string6StringEB7_
FN:289,_RINvXs_NtCs6dyzbgxNKb8_10libcgroups6commonNtNtCslIgaOqvXPTn_3std4path7PathBufNtB5_10PathBufExt11join_safelyRBE_EB7_
FN:289,_RINvXs_NtCs6dyzbgxNKb8_10libcgroups6commonNtNtCslIgaOqvXPTn_3std4path7PathBufNtB5_10PathBufExt11join_safelyRNtBG_4PathEB7_
FN:289,_RINvXs_NtCs6dyzbgxNKb8_10libcgroups6commonNtNtCslIgaOqvXPTn_3std4path7PathBufNtB5_10PathBufExt11join_safelyRNtNtCsdfjrgz5TZDL_5alloc6string6StringEB7_
FN:118,_RNCINvNtCs6dyzbgxNKb8_10libcgroups6common17write_cgroup_fileNtNtCslIgaOqvXPTn_3std4path7PathBuflEs_0B6_
FN:118,_RNCINvNtCs6dyzbgxNKb8_10libcgroups6common17write_cgroup_fileRNtNtCslIgaOqvXPTn_3std4path7PathBufNtNtCsc0Hr9amllDc_3nix6unistd3PidEs_0B6_
FN:95,_RINvNtCs6dyzbgxNKb8_10libcgroups6common21write_cgroup_file_strRNtNtCslIgaOqvXPTn_3std4path7PathBufEB4_
FN:126,_RNCINvNtCs6dyzbgxNKb8_10libcgroups6common16read_cgroup_fileRNtNtCslIgaOqvXPTn_3std4path7PathBufE0B6_
FN:297,_RNCINvXs_NtCs6dyzbgxNKb8_10libcgroups6commonNtNtCslIgaOqvXPTn_3std4path7PathBufNtB7_10PathBufExt11join_safelyRNtBI_4PathE0B9_
FN:109,_RINvNtCs6dyzbgxNKb8_10libcgroups6common17write_cgroup_fileNtNtCslIgaOqvXPTn_3std4path7PathBufyEB4_
FN:103,_RNCINvNtCs6dyzbgxNKb8_10libcgroups6common21write_cgroup_file_strNtNtCslIgaOqvXPTn_3std4path7PathBufEs_0B6_
FN:118,_RNCINvNtCs6dyzbgxNKb8_10libcgroups6common17write_cgroup_fileNtNtCslIgaOqvXPTn_3std4path7PathBufxEs_0B6_
FN:109,_RINvNtCs6dyzbgxNKb8_10libcgroups6common17write_cgroup_fileNtNtCslIgaOqvXPTn_3std4path7PathBufReEB4_
FN:109,_RINvNtCs6dyzbgxNKb8_10libcgroups6common17write_cgroup_fileRNtNtCslIgaOqvXPTn_3std4path7PathBuftEB4_
FN:101,_RNCINvNtCs6dyzbgxNKb8_10libcgroups6common21write_cgroup_file_strNtNtCslIgaOqvXPTn_3std4path7PathBufE0B6_
FN:116,_RNCINvNtCs6dyzbgxNKb8_10libcgroups6common17write_cgroup_fileNtNtCslIgaOqvXPTn_3std4path7PathBufNtNtCsdfjrgz5TZDL_5alloc6string6StringE0B6_
FN:206,_RNvNtCs6dyzbgxNKb8_10libcgroups6common24create_v2_cgroup_manager
FN:82,_RNvXs9_NtCs6dyzbgxNKb8_10libcgroups6commonNtB5_13ControllerOptNtNtCshypYLURccL2_4core3fmt5Debug3fmt
FN:126,_RNCINvNtCs6dyzbgxNKb8_10libcgroups6common16read_cgroup_fileRNtNtCslIgaOqvXPTn_3std4path4PathE0B6_
FN:116,_RNCINvNtCs6dyzbgxNKb8_10libcgroups6common17write_cgroup_fileNtNtCslIgaOqvXPTn_3std4path7PathBufReE0B6_
FN:195,_RNvNtCs6dyzbgxNKb8_10libcgroups6common24create_v1_cgroup_manager
FN:116,_RNCINvNtCs6dyzbgxNKb8_10libcgroups6common17write_cgroup_fileNtNtCslIgaOqvXPTn_3std4path7PathBufyE0B6_
FN:116,_RNCINvNtCs6dyzbgxNKb8_10libcgroups6common17write_cgroup_fileRNtNtCslIgaOqvXPTn_3std4path7PathBufRNtNtCsdfjrgz5TZDL_5alloc6string6StringE0B6_
FN:71,_RNvXs3_NtCs6dyzbgxNKb8_10libcgroups6commonNtB5_12FreezerStateNtNtCshypYLURccL2_4core3fmt5Debug3fmt
FN:118,_RNCINvNtCs6dyzbgxNKb8_10libcgroups6common17write_cgroup_fileNtNtCslIgaOqvXPTn_3std4path7PathBufNtNtCsdfjrgz5TZDL_5alloc6string6StringEs_0B6_
FN:109,_RINvNtCs6dyzbgxNKb8_10libcgroups6common17write_cgroup_fileNtNtCslIgaOqvXPTn_3std4path7PathBufNtNtCsc0Hr9amllDc_3nix6unistd3PidEB4_
FN:255,_RNCNvNtCs6dyzbgxNKb8_10libcgroups6common12get_all_pids0B5_
FN:103,_RNCINvNtCs6dyzbgxNKb8_10libcgroups6common21write_cgroup_file_strRNtNtCslIgaOqvXPTn_3std4path7PathBufEs_0B6_
FN:159,_RNCNvNtCs6dyzbgxNKb8_10libcgroups6common16get_cgroup_setups_0B5_
FN:118,_RNCINvNtCs6dyzbgxNKb8_10libcgroups6common17write_cgroup_fileNtNtCslIgaOqvXPTn_3std4path7PathBufReEs_0B6_
FN:145,_RNCNvNtCs6dyzbgxNKb8_10libcgroups6common16get_cgroup_setup0B5_
FN:174,_RINvNtCs6dyzbgxNKb8_10libcgroups6common21create_cgroup_managerpEB4_
FN:124,_RINvNtCs6dyzbgxNKb8_10libcgroups6common16read_cgroup_fileNtNtCslIgaOqvXPTn_3std4path7PathBufEB4_
FN:118,_RNCINvNtCs6dyzbgxNKb8_10libcgroups6common17write_cgroup_fileNtNtCslIgaOqvXPTn_3std4path7PathBufNtNtCsc0Hr9amllDc_3nix6unistd3PidEs_0B6_
FN:51,_RNvXs0_NtCs6dyzbgxNKb8_10libcgroups6commonNtB5_11CgroupSetupNtNtCshypYLURccL2_4core3fmt5Debug3fmt
FN:82,_RNvXs8_NtCs6dyzbgxNKb8_10libcgroups6commonNtB5_13ControllerOptNtNtCshypYLURccL2_4core5clone5Clone5cloneB7_
FN:116,_RNCINvNtCs6dyzbgxNKb8_10libcgroups6common17write_cgroup_fileNtNtCslIgaOqvXPTn_3std4path7PathBufxE0B6_
FN:116,_RNCINvNtCs6dyzbgxNKb8_10libcgroups6common17write_cgroup_fileRNtNtCslIgaOqvXPTn_3std4path7PathBuftE0B6_
FN:252,_RNvNtCs6dyzbgxNKb8_10libcgroups6common12get_all_pids
FN:109,_RINvNtCs6dyzbgxNKb8_10libcgroups6common17write_cgroup_fileNtNtCslIgaOqvXPTn_3std4path7PathBufmEB4_
FN:109,_RINvNtCs6dyzbgxNKb8_10libcgroups6common17write_cgroup_fileRNtNtCslIgaOqvXPTn_3std4path7PathBufRNtNtCsdfjrgz5TZDL_5alloc6string6StringEB4_
FN:353,_RNvNtCs6dyzbgxNKb8_10libcgroups6common15default_devices
FN:118,_RNCINvNtCs6dyzbgxNKb8_10libcgroups6common17write_cgroup_fileNtNtCslIgaOqvXPTn_3std4path7PathBuftEs_0B6_
FN:109,_RINvNtCs6dyzbgxNKb8_10libcgroups6common17write_cgroup_fileNtNtCslIgaOqvXPTn_3std4path7PathBufRNtNtCsdfjrgz5TZDL_5alloc6string6StringEB4_
FN:116,_RNCINvNtCs6dyzbgxNKb8_10libcgroups6common17write_cgroup_fileNtNtCslIgaOqvXPTn_3std4path7PathBuflE0B6_
FN:116,_RNCINvNtCs6dyzbgxNKb8_10libcgroups6common17write_cgroup_fileRNtNtCslIgaOqvXPTn_3std4path7PathBufNtNtCsc0Hr9amllDc_3nix6unistd3PidE0B6_
FN:118,_RNCINvNtCs6dyzbgxNKb8_10libcgroups6common17write_cgroup_fileRNtNtCslIgaOqvXPTn_3std4path7PathBuftEs_0B6_
FN:109,_RINvNtCs6dyzbgxNKb8_10libcgroups6common17write_cgroup_fileNtNtCslIgaOqvXPTn_3std4path7PathBuflEB4_
FN:137,_RNvNtCs6dyzbgxNKb8_10libcgroups6common16get_cgroup_setup
FN:407,_RINvNtCs6dyzbgxNKb8_10libcgroups6common17delete_with_retryRNtNtCslIgaOqvXPTn_3std4path7PathBufNtNtCshypYLURccL2_4core4time8DurationEB4_
FN:116,_RNCINvNtCs6dyzbgxNKb8_10libcgroups6common17write_cgroup_fileNtNtCslIgaOqvXPTn_3std4path7PathBufmE0B6_
FN:220,_RNvNtCs6dyzbgxNKb8_10libcgroups6common29create_systemd_cgroup_manager
FN:297,_RNCINvXs_NtCs6dyzbgxNKb8_10libcgroups6commonNtNtCslIgaOqvXPTn_3std4path7PathBufNtB7_10PathBufExt11join_safelyRNtNtCsdfjrgz5TZDL_5alloc6string6StringE0B9_
FN:59,_RNvXNtCs6dyzbgxNKb8_10libcgroups6commonNtB2_11CgroupSetupNtNtCshypYLURccL2_4core3fmt7Display3fmt
FN:109,_RINvNtCs6dyzbgxNKb8_10libcgroups6common17write_cgroup_fileNtNtCslIgaOqvXPTn_3std4path7PathBuftEB4_
FN:118,_RNCINvNtCs6dyzbgxNKb8_10libcgroups6common17write_cgroup_fileNtNtCslIgaOqvXPTn_3std4path7PathBufyEs_0B6_
FN:118,_RNCINvNtCs6dyzbgxNKb8_10libcgroups6common17write_cgroup_fileRNtNtCslIgaOqvXPTn_3std4path7PathBufRNtNtCsdfjrgz5TZDL_5alloc6string6StringEs_0B6_
FN:302,_RNvNtCs6dyzbgxNKb8_10libcgroups6common21default_allow_devices
FN:118,_RNCINvNtCs6dyzbgxNKb8_10libcgroups6common17write_cgroup_fileNtNtCslIgaOqvXPTn_3std4path7PathBufRNtNtCsdfjrgz5TZDL_5alloc6string6StringEs_0B6_
FN:109,_RINvNtCs6dyzbgxNKb8_10libcgroups6common17write_cgroup_fileNtNtCslIgaOqvXPTn_3std4path7PathBufxEB4_
FN:124,_RINvNtCs6dyzbgxNKb8_10libcgroups6common16read_cgroup_fileRNtNtCslIgaOqvXPTn_3std4path7PathBufEB4_
FN:118,_RNCINvNtCs6dyzbgxNKb8_10libcgroups6common17write_cgroup_fileNtNtCslIgaOqvXPTn_3std4path7PathBufmEs_0B6_
FN:116,_RNCINvNtCs6dyzbgxNKb8_10libcgroups6common17write_cgroup_fileNtNtCslIgaOqvXPTn_3std4path7PathBufNtNtCsc0Hr9amllDc_3nix6unistd3PidE0B6_
FN:116,_RNCINvNtCs6dyzbgxNKb8_10libcgroups6common17write_cgroup_fileNtNtCslIgaOqvXPTn_3std4path7PathBufRNtNtCsdfjrgz5TZDL_5alloc6string6StringE0B6_
FN:71,_RNvXs7_NtCs6dyzbgxNKb8_10libcgroups6commonNtB5_12FreezerStateNtNtCshypYLURccL2_4core3cmp9PartialEq2eqB7_
FN:109,_RINvNtCs6dyzbgxNKb8_10libcgroups6common17write_cgroup_fileNtNtCslIgaOqvXPTn_3std4path7PathBufNtNtCsdfjrgz5TZDL_5alloc6string6StringEB4_
FN:95,_RINvNtCs6dyzbgxNKb8_10libcgroups6common21write_cgroup_file_strNtNtCslIgaOqvXPTn_3std4path7PathBufEB4_
FN:101,_RNCINvNtCs6dyzbgxNKb8_10libcgroups6common21write_cgroup_file_strRNtNtCslIgaOqvXPTn_3std4path7PathBufE0B6_
FN:116,_RNCINvNtCs6dyzbgxNKb8_10libcgroups6common17write_cgroup_fileNtNtCslIgaOqvXPTn_3std4path7PathBuftE0B6_
FN:109,_RINvNtCs6dyzbgxNKb8_10libcgroups6common17write_cgroup_fileRNtNtCslIgaOqvXPTn_3std4path7PathBufNtNtCsc0Hr9amllDc_3nix6unistd3PidEB4_
FN:126,_RNCINvNtCs6dyzbgxNKb8_10libcgroups6common16read_cgroup_fileNtNtCslIgaOqvXPTn_3std4path7PathBufE0B6_
FN:124,_RINvNtCs6dyzbgxNKb8_10libcgroups6common16read_cgroup_fileRNtNtCslIgaOqvXPTn_3std4path4PathEB4_
FN:272,_RINvNtCs6dyzbgxNKb8_10libcgroups6common8walk_dirNCNvB2_12get_all_pids0EB4_
FN:297,_RNCINvXs_NtCs6dyzbgxNKb8_10libcgroups6commonNtNtCslIgaOqvXPTn_3std4path7PathBufNtB7_10PathBufExt11join_safelyRBG_E0B9_
FN:71,_RNvXs1_NtCs6dyzbgxNKb8_10libcgroups6commonNtB5_12FreezerStateNtNtCshypYLURccL2_4core5clone5Clone5cloneB7_
FN:174,_RINvNtCs6dyzbgxNKb8_10libcgroups6common21create_cgroup_managerRNtNtCslIgaOqvXPTn_3std4path7PathBufECs9aHzSL9YGbd_12libcontainer
FN:174,_RINvNtCs6dyzbgxNKb8_10libcgroups6common21create_cgroup_managerNtNtCslIgaOqvXPTn_3std4path7PathBufECs9aHzSL9YGbd_12libcontainer
FNDA:1,_RINvNtCslEpTaKix7hR_10libcgroups6common17write_cgroup_fileNtNtCslIgaOqvXPTn_3std4path7PathBufmEB4_
FNDA:0,_RNCINvNtCslEpTaKix7hR_10libcgroups6common21write_cgroup_file_strRNtNtCslIgaOqvXPTn_3std4path7PathBufEs_0B6_
FNDA:2,_RNvXs3_NtCslEpTaKix7hR_10libcgroups6commonNtB5_12FreezerStateNtNtCshypYLURccL2_4core3fmt5Debug3fmt
FNDA:0,_RNCINvNtCslEpTaKix7hR_10libcgroups6common16read_cgroup_fileNtNtCslIgaOqvXPTn_3std4path7PathBufE0B6_
FNDA:0,_RNvNtCslEpTaKix7hR_10libcgroups6common15default_devices
FNDA:0,_RNCINvXs_NtCslEpTaKix7hR_10libcgroups6commonNtNtCslIgaOqvXPTn_3std4path7PathBufNtB7_10PathBufExt11join_safelyRBG_E0B9_
FNDA:0,_RNCINvNtCslEpTaKix7hR_10libcgroups6common17write_cgroup_fileRNtNtCslIgaOqvXPTn_3std4path7PathBufRNtNtCsdfjrgz5TZDL_5alloc6string6StringEs_0B6_
FNDA:0,_RNvXs0_NtCslEpTaKix7hR_10libcgroups6commonNtB5_11CgroupSetupNtNtCshypYLURccL2_4core3fmt5Debug3fmt
FNDA:0,_RNCINvNtCslEpTaKix7hR_10libcgroups6common17write_cgroup_fileNtNtCslIgaOqvXPTn_3std4path7PathBufmEs_0B6_
FNDA:0,_RNCINvNtCslEpTaKix7hR_10libcgroups6common17write_cgroup_fileNtNtCslIgaOqvXPTn_3std4path7PathBufReE0B6_
FNDA:0,_RNCINvNtCslEpTaKix7hR_10libcgroups6common17write_cgroup_fileRNtNtCslIgaOqvXPTn_3std4path7PathBufyEs_0B6_
FNDA:0,_RNvNtCslEpTaKix7hR_10libcgroups6common12get_all_pids
FNDA:0,_RNCINvNtCslEpTaKix7hR_10libcgroups6common17write_cgroup_fileNtNtCslIgaOqvXPTn_3std4path7PathBufxEs_0B6_
FNDA:1,_RNvNtCslEpTaKix7hR_10libcgroups6common21default_allow_devices
FNDA:0,_RINvNtCslEpTaKix7hR_10libcgroups6common21create_cgroup_managerpEB4_
FNDA:0,_RINvNtCslEpTaKix7hR_10libcgroups6common8walk_dirpEB4_
FNDA:0,_RNCINvNtCslEpTaKix7hR_10libcgroups6common17write_cgroup_fileNtNtCslIgaOqvXPTn_3std4path7PathBuflEs_0B6_
FNDA:100,_RINvNtCslEpTaKix7hR_10libcgroups6common17write_cgroup_fileNtNtCslIgaOqvXPTn_3std4path7PathBuflEB4_
FNDA:0,_RNCINvNtCslEpTaKix7hR_10libcgroups6common17write_cgroup_fileNtNtCslIgaOqvXPTn_3std4path7PathBufNtNtCsdfjrgz5TZDL_5alloc6string6StringEs_0B6_
FNDA:3,_RINvNtCslEpTaKix7hR_10libcgroups6common17write_cgroup_fileNtNtCslIgaOqvXPTn_3std4path7PathBufNtNtCsdfjrgz5TZDL_5alloc6string6StringEB4_
FNDA:0,_RNCINvNtCslEpTaKix7hR_10libcgroups6common17write_cgroup_fileNtNtCslIgaOqvXPTn_3std4path7PathBufyE0B6_
FNDA:0,_RNvNtCslEpTaKix7hR_10libcgroups6common29create_systemd_cgroup_manager
FNDA:2,_RINvNtCslEpTaKix7hR_10libcgroups6common16read_cgroup_fileRNtNtCslIgaOqvXPTn_3std4path7PathBufEB4_
FNDA:0,_RNCINvNtCslEpTaKix7hR_10libcgroups6common17write_cgroup_fileNtNtCslIgaOqvXPTn_3std4path7PathBufNtNtCsc0Hr9amllDc_3nix6unistd3PidE0B6_
FNDA:2,_RNCINvNtCslEpTaKix7hR_10libcgroups6common21write_cgroup_file_strNtNtCslIgaOqvXPTn_3std4path7PathBufE0B6_
FNDA:0,_RNCINvNtCslEpTaKix7hR_10libcgroups6common17write_cgroup_fileNtNtCslIgaOqvXPTn_3std4path7PathBufRNtNtCsdfjrgz5TZDL_5alloc6string6StringE0B6_
FNDA:0,_RNCNvNtCslEpTaKix7hR_10libcgroups6common16get_cgroup_setups_0B5_
FNDA:2,_RINvNtCslEpTaKix7hR_10libcgroups6common17write_cgroup_fileRNtNtCslIgaOqvXPTn_3std4path7PathBufRNtNtCsdfjrgz5TZDL_5alloc6string6StringEB4_
FNDA:7,_RINvNtCslEpTaKix7hR_10libcgroups6common17write_cgroup_fileNtNtCslIgaOqvXPTn_3std4path7PathBufyEB4_
FNDA:3,_RNvXs7_NtCslEpTaKix7hR_10libcgroups6commonNtB5_12FreezerStateNtNtCshypYLURccL2_4core3cmp9PartialEq2eqB7_
FNDA:0,_RNvXs1_NtCslEpTaKix7hR_10libcgroups6commonNtB5_12FreezerStateNtNtCshypYLURccL2_4core5clone5Clone5cloneB7_
FNDA:0,_RNCINvXs_NtCslEpTaKix7hR_10libcgroups6commonNtNtCslIgaOqvXPTn_3std4path7PathBufNtB7_10PathBufExt11join_safelyRNtNtCsdfjrgz5TZDL_5alloc6string6StringE0B9_
FNDA:25,_RINvNtCslEpTaKix7hR_10libcgroups6common16read_cgroup_fileRNtNtCslIgaOqvXPTn_3std4path4PathEB4_
FNDA:0,_RNCINvNtCslEpTaKix7hR_10libcgroups6common17write_cgroup_fileNtNtCslIgaOqvXPTn_3std4path7PathBuftE0B6_
FNDA:0,_RNCINvNtCslEpTaKix7hR_10libcgroups6common17write_cgroup_fileNtNtCslIgaOqvXPTn_3std4path7PathBufNtNtCsc0Hr9amllDc_3nix6unistd3PidEs_0B6_
FNDA:0,_RNCINvNtCslEpTaKix7hR_10libcgroups6common17write_cgroup_fileNtNtCslIgaOqvXPTn_3std4path7PathBufRNtNtCsdfjrgz5TZDL_5alloc6string6StringEs_0B6_
FNDA:4915,_RINvNtCslEpTaKix7hR_10libcgroups6common21write_cgroup_file_strNtNtCslIgaOqvXPTn_3std4path7PathBufEB4_
FNDA:2,_RINvNtCslEpTaKix7hR_10libcgroups6common17write_cgroup_fileRNtNtCslIgaOqvXPTn_3std4path7PathBuftEB4_
FNDA:0,_RNCINvNtCslEpTaKix7hR_10libcgroups6common17write_cgroup_fileRNtNtCslIgaOqvXPTn_3std4path7PathBuftEs_0B6_
FNDA:0,_RNvXs9_NtCslEpTaKix7hR_10libcgroups6commonNtB5_13ControllerOptNtNtCshypYLURccL2_4core3fmt5Debug3fmt
FNDA:5,_RINvNtCslEpTaKix7hR_10libcgroups6common17write_cgroup_fileNtNtCslIgaOqvXPTn_3std4path7PathBufNtNtCsc0Hr9amllDc_3nix6unistd3PidEB4_
FNDA:8,_RNCINvNtCslEpTaKix7hR_10libcgroups6common17write_cgroup_fileNtNtCslIgaOqvXPTn_3std4path7PathBufxE0B6_
FNDA:0,_RNvNtCslEpTaKix7hR_10libcgroups6common24create_v1_cgroup_manager
FNDA:0,_RNCINvNtCslEpTaKix7hR_10libcgroups6common17write_cgroup_fileNtNtCslIgaOqvXPTn_3std4path7PathBuflE0B6_
FNDA:0,_RNCINvNtCslEpTaKix7hR_10libcgroups6common17write_cgroup_fileRNtNtCslIgaOqvXPTn_3std4path7PathBuftE0B6_
FNDA:0,_RNCINvNtCslEpTaKix7hR_10libcgroups6common16read_cgroup_fileRNtNtCslIgaOqvXPTn_3std4path7PathBufE0B6_
FNDA:0,_RNCNvNtCslEpTaKix7hR_10libcgroups6common12get_all_pids0B5_
FNDA:0,_RNvNtCslEpTaKix7hR_10libcgroups6common16get_cgroup_setup
FNDA:2,_RINvNtCslEpTaKix7hR_10libcgroups6common17write_cgroup_fileNtNtCslIgaOqvXPTn_3std4path7PathBufRNtNtCsdfjrgz5TZDL_5alloc6string6StringEB4_
FNDA:14,_RINvNtCslEpTaKix7hR_10libcgroups6common16read_cgroup_fileNtNtCslIgaOqvXPTn_3std4path7PathBufEB4_
FNDA:4,_RINvNtCslEpTaKix7hR_10libcgroups6common17write_cgroup_fileNtNtCslIgaOqvXPTn_3std4path7PathBufReEB4_
FNDA:0,_RNvXs8_NtCslEpTaKix7hR_10libcgroups6commonNtB5_13ControllerOptNtNtCshypYLURccL2_4core5clone5Clone5cloneB7_
FNDA:0,_RNCINvNtCslEpTaKix7hR_10libcgroups6common17write_cgroup_fileNtNtCslIgaOqvXPTn_3std4path7PathBufyEs_0B6_
FNDA:2,_RINvNtCslEpTaKix7hR_10libcgroups6common17write_cgroup_fileNtNtCslIgaOqvXPTn_3std4path7PathBuftEB4_
FNDA:0,_RINvNtCslEpTaKix7hR_10libcgroups6common17delete_with_retryppEB4_
FNDA:0,_RNvXNtCslEpTaKix7hR_10libcgroups6commonNtB2_11CgroupSetupNtNtCshypYLURccL2_4core3fmt7Display3fmt
FNDA:10,_RINvNtCslEpTaKix7hR_10libcgroups6common21write_cgroup_file_strRNtNtCslIgaOqvXPTn_3std4path7PathBufEB4_
FNDA:0,_RNCINvNtCslEpTaKix7hR_10libcgroups6common17write_cgroup_fileNtNtCslIgaOqvXPTn_3std4path7PathBufNtNtCsdfjrgz5TZDL_5alloc6string6StringE0B6_
FNDA:0,_RNCINvNtCslEpTaKix7hR_10libcgroups6common21write_cgroup_file_strRNtNtCslIgaOqvXPTn_3std4path7PathBufE0B6_
FNDA:1,_RINvNtCslEpTaKix7hR_10libcgroups6common17write_cgroup_fileRNtNtCslIgaOqvXPTn_3std4path7PathBufyEB4_
FNDA:0,_RNCINvNtCslEpTaKix7hR_10libcgroups6common17write_cgroup_fileNtNtCslIgaOqvXPTn_3std4path7PathBufReEs_0B6_
FNDA:0,_RNCINvNtCslEpTaKix7hR_10libcgroups6common17write_cgroup_fileNtNtCslIgaOqvXPTn_3std4path7PathBuftEs_0B6_
FNDA:0,_RNvNtCslEpTaKix7hR_10libcgroups6common24create_v2_cgroup_manager
FNDA:243,_RINvNtCslEpTaKix7hR_10libcgroups6common17write_cgroup_fileNtNtCslIgaOqvXPTn_3std4path7PathBufxEB4_
FNDA:0,_RNCINvNtCslEpTaKix7hR_10libcgroups6common17write_cgroup_fileRNtNtCslIgaOqvXPTn_3std4path7PathBufRNtNtCsdfjrgz5TZDL_5alloc6string6StringE0B6_
FNDA:0,_RNCNvNtCslEpTaKix7hR_10libcgroups6common16get_cgroup_setup0B5_
FNDA:0,_RNCINvNtCslEpTaKix7hR_10libcgroups6common16read_cgroup_fileRNtNtCslIgaOqvXPTn_3std4path4PathE0B6_
FNDA:0,_RNCINvNtCslEpTaKix7hR_10libcgroups6common17write_cgroup_fileRNtNtCslIgaOqvXPTn_3std4path7PathBufyE0B6_
FNDA:0,_RNCINvNtCslEpTaKix7hR_10libcgroups6common17write_cgroup_fileNtNtCslIgaOqvXPTn_3std4path7PathBufmE0B6_
FNDA:0,_RNCINvNtCslEpTaKix7hR_10libcgroups6common21write_cgroup_file_strNtNtCslIgaOqvXPTn_3std4path7PathBufEs_0B6_
FNDA:3,_RINvXs_NtCslEpTaKix7hR_10libcgroups6commonNtNtCslIgaOqvXPTn_3std4path7PathBufNtB5_10PathBufExt11join_safelyRBE_EB7_
FNDA:3,_RINvXs_NtCslEpTaKix7hR_10libcgroups6commonNtNtCslIgaOqvXPTn_3std4path7PathBufNtB5_10PathBufExt11join_safelyRNtNtCsdfjrgz5TZDL_5alloc6string6StringEB7_
FNDA:0,_RINvXs_NtCs6dyzbgxNKb8_10libcgroups6commonNtNtCslIgaOqvXPTn_3std4path7PathBufNtB5_10PathBufExt11join_safelyRBE_EB7_
FNDA:0,_RINvXs_NtCs6dyzbgxNKb8_10libcgroups6commonNtNtCslIgaOqvXPTn_3std4path7PathBufNtB5_10PathBufExt11join_safelyRNtBG_4PathEB7_
FNDA:0,_RINvXs_NtCs6dyzbgxNKb8_10libcgroups6commonNtNtCslIgaOqvXPTn_3std4path7PathBufNtB5_10PathBufExt11join_safelyRNtNtCsdfjrgz5TZDL_5alloc6string6StringEB7_
FNDA:0,_RNCINvNtCs6dyzbgxNKb8_10libcgroups6common17write_cgroup_fileNtNtCslIgaOqvXPTn_3std4path7PathBuflEs_0B6_
FNDA:0,_RNCINvNtCs6dyzbgxNKb8_10libcgroups6common17write_cgroup_fileRNtNtCslIgaOqvXPTn_3std4path7PathBufNtNtCsc0Hr9amllDc_3nix6unistd3PidEs_0B6_
FNDA:0,_RINvNtCs6dyzbgxNKb8_10libcgroups6common21write_cgroup_file_strRNtNtCslIgaOqvXPTn_3std4path7PathBufEB4_
FNDA:0,_RNCINvNtCs6dyzbgxNKb8_10libcgroups6common16read_cgroup_fileRNtNtCslIgaOqvXPTn_3std4path7PathBufE0B6_
FNDA:0,_RNCINvXs_NtCs6dyzbgxNKb8_10libcgroups6commonNtNtCslIgaOqvXPTn_3std4path7PathBufNtB7_10PathBufExt11join_safelyRNtBI_4PathE0B9_
FNDA:0,_RINvNtCs6dyzbgxNKb8_10libcgroups6common17write_cgroup_fileNtNtCslIgaOqvXPTn_3std4path7PathBufyEB4_
FNDA:0,_RNCINvNtCs6dyzbgxNKb8_10libcgroups6common21write_cgroup_file_strNtNtCslIgaOqvXPTn_3std4path7PathBufEs_0B6_
FNDA:0,_RNCINvNtCs6dyzbgxNKb8_10libcgroups6common17write_cgroup_fileNtNtCslIgaOqvXPTn_3std4path7PathBufxEs_0B6_
FNDA:0,_RINvNtCs6dyzbgxNKb8_10libcgroups6common17write_cgroup_fileNtNtCslIgaOqvXPTn_3std4path7PathBufReEB4_
FNDA:0,_RINvNtCs6dyzbgxNKb8_10libcgroups6common17write_cgroup_fileRNtNtCslIgaOqvXPTn_3std4path7PathBuftEB4_
FNDA:0,_RNCINvNtCs6dyzbgxNKb8_10libcgroups6common21write_cgroup_file_strNtNtCslIgaOqvXPTn_3std4path7PathBufE0B6_
FNDA:0,_RNCINvNtCs6dyzbgxNKb8_10libcgroups6common17write_cgroup_fileNtNtCslIgaOqvXPTn_3std4path7PathBufNtNtCsdfjrgz5TZDL_5alloc6string6StringE0B6_
FNDA:0,_RNvNtCs6dyzbgxNKb8_10libcgroups6common24create_v2_cgroup_manager
FNDA:0,_RNvXs9_NtCs6dyzbgxNKb8_10libcgroups6commonNtB5_13ControllerOptNtNtCshypYLURccL2_4core3fmt5Debug3fmt
FNDA:0,_RNCINvNtCs6dyzbgxNKb8_10libcgroups6common16read_cgroup_fileRNtNtCslIgaOqvXPTn_3std4path4PathE0B6_
FNDA:0,_RNCINvNtCs6dyzbgxNKb8_10libcgroups6common17write_cgroup_fileNtNtCslIgaOqvXPTn_3std4path7PathBufReE0B6_
FNDA:0,_RNvNtCs6dyzbgxNKb8_10libcgroups6common24create_v1_cgroup_manager
FNDA:0,_RNCINvNtCs6dyzbgxNKb8_10libcgroups6common17write_cgroup_fileNtNtCslIgaOqvXPTn_3std4path7PathBufyE0B6_
FNDA:0,_RNCINvNtCs6dyzbgxNKb8_10libcgroups6common17write_cgroup_fileRNtNtCslIgaOqvXPTn_3std4path7PathBufRNtNtCsdfjrgz5TZDL_5alloc6string6StringE0B6_
FNDA:0,_RNvXs3_NtCs6dyzbgxNKb8_10libcgroups6commonNtB5_12FreezerStateNtNtCshypYLURccL2_4core3fmt5Debug3fmt
FNDA:0,_RNCINvNtCs6dyzbgxNKb8_10libcgroups6common17write_cgroup_fileNtNtCslIgaOqvXPTn_3std4path7PathBufNtNtCsdfjrgz5TZDL_5alloc6string6StringEs_0B6_
FNDA:0,_RINvNtCs6dyzbgxNKb8_10libcgroups6common17write_cgroup_fileNtNtCslIgaOqvXPTn_3std4path7PathBufNtNtCsc0Hr9amllDc_3nix6unistd3PidEB4_
FNDA:0,_RNCNvNtCs6dyzbgxNKb8_10libcgroups6common12get_all_pids0B5_
FNDA:0,_RNCINvNtCs6dyzbgxNKb8_10libcgroups6common21write_cgroup_file_strRNtNtCslIgaOqvXPTn_3std4path7PathBufEs_0B6_
FNDA:0,_RNCNvNtCs6dyzbgxNKb8_10libcgroups6common16get_cgroup_setups_0B5_
FNDA:0,_RNCINvNtCs6dyzbgxNKb8_10libcgroups6common17write_cgroup_fileNtNtCslIgaOqvXPTn_3std4path7PathBufReEs_0B6_
FNDA:0,_RNCNvNtCs6dyzbgxNKb8_10libcgroups6common16get_cgroup_setup0B5_
FNDA:0,_RINvNtCs6dyzbgxNKb8_10libcgroups6common21create_cgroup_managerpEB4_
FNDA:0,_RINvNtCs6dyzbgxNKb8_10libcgroups6common16read_cgroup_fileNtNtCslIgaOqvXPTn_3std4path7PathBufEB4_
FNDA:0,_RNCINvNtCs6dyzbgxNKb8_10libcgroups6common17write_cgroup_fileNtNtCslIgaOqvXPTn_3std4path7PathBufNtNtCsc0Hr9amllDc_3nix6unistd3PidEs_0B6_
FNDA:0,_RNvXs0_NtCs6dyzbgxNKb8_10libcgroups6commonNtB5_11CgroupSetupNtNtCshypYLURccL2_4core3fmt5Debug3fmt
FNDA:0,_RNvXs8_NtCs6dyzbgxNKb8_10libcgroups6commonNtB5_13ControllerOptNtNtCshypYLURccL2_4core5clone5Clone5cloneB7_
FNDA:0,_RNCINvNtCs6dyzbgxNKb8_10libcgroups6common17write_cgroup_fileNtNtCslIgaOqvXPTn_3std4path7PathBufxE0B6_
FNDA:0,_RNCINvNtCs6dyzbgxNKb8_10libcgroups6common17write_cgroup_fileRNtNtCslIgaOqvXPTn_3std4path7PathBuftE0B6_
FNDA:0,_RNvNtCs6dyzbgxNKb8_10libcgroups6common12get_all_pids
FNDA:0,_RINvNtCs6dyzbgxNKb8_10libcgroups6common17write_cgroup_fileNtNtCslIgaOqvXPTn_3std4path7PathBufmEB4_
FNDA:0,_RINvNtCs6dyzbgxNKb8_10libcgroups6common17write_cgroup_fileRNtNtCslIgaOqvXPTn_3std4path7PathBufRNtNtCsdfjrgz5TZDL_5alloc6string6StringEB4_
FNDA:0,_RNvNtCs6dyzbgxNKb8_10libcgroups6common15default_devices
FNDA:0,_RNCINvNtCs6dyzbgxNKb8_10libcgroups6common17write_cgroup_fileNtNtCslIgaOqvXPTn_3std4path7PathBuftEs_0B6_
FNDA:0,_RINvNtCs6dyzbgxNKb8_10libcgroups6common17write_cgroup_fileNtNtCslIgaOqvXPTn_3std4path7PathBufRNtNtCsdfjrgz5TZDL_5alloc6string6StringEB4_
FNDA:0,_RNCINvNtCs6dyzbgxNKb8_10libcgroups6common17write_cgroup_fileNtNtCslIgaOqvXPTn_3std4path7PathBuflE0B6_
FNDA:0,_RNCINvNtCs6dyzbgxNKb8_10libcgroups6common17write_cgroup_fileRNtNtCslIgaOqvXPTn_3std4path7PathBufNtNtCsc0Hr9amllDc_3nix6unistd3PidE0B6_
FNDA:0,_RNCINvNtCs6dyzbgxNKb8_10libcgroups6common17write_cgroup_fileRNtNtCslIgaOqvXPTn_3std4path7PathBuftEs_0B6_
FNDA:0,_RINvNtCs6dyzbgxNKb8_10libcgroups6common17write_cgroup_fileNtNtCslIgaOqvXPTn_3std4path7PathBuflEB4_
FNDA:0,_RNvNtCs6dyzbgxNKb8_10libcgroups6common16get_cgroup_setup
FNDA:0,_RINvNtCs6dyzbgxNKb8_10libcgroups6common17delete_with_retryRNtNtCslIgaOqvXPTn_3std4path7PathBufNtNtCshypYLURccL2_4core4time8DurationEB4_
FNDA:0,_RNCINvNtCs6dyzbgxNKb8_10libcgroups6common17write_cgroup_fileNtNtCslIgaOqvXPTn_3std4path7PathBufmE0B6_
FNDA:0,_RNvNtCs6dyzbgxNKb8_10libcgroups6common29create_systemd_cgroup_manager
FNDA:0,_RNCINvXs_NtCs6dyzbgxNKb8_10libcgroups6commonNtNtCslIgaOqvXPTn_3std4path7PathBufNtB7_10PathBufExt11join_safelyRNtNtCsdfjrgz5TZDL_5alloc6string6StringE0B9_
FNDA:0,_RNvXNtCs6dyzbgxNKb8_10libcgroups6commonNtB2_11CgroupSetupNtNtCshypYLURccL2_4core3fmt7Display3fmt
FNDA:0,_RINvNtCs6dyzbgxNKb8_10libcgroups6common17write_cgroup_fileNtNtCslIgaOqvXPTn_3std4path7PathBuftEB4_
FNDA:0,_RNCINvNtCs6dyzbgxNKb8_10libcgroups6common17write_cgroup_fileNtNtCslIgaOqvXPTn_3std4path7PathBufyEs_0B6_
FNDA:0,_RNCINvNtCs6dyzbgxNKb8_10libcgroups6common17write_cgroup_fileRNtNtCslIgaOqvXPTn_3std4path7PathBufRNtNtCsdfjrgz5TZDL_5alloc6string6StringEs_0B6_
FNDA:0,_RNvNtCs6dyzbgxNKb8_10libcgroups6common21default_allow_devices
FNDA:0,_RNCINvNtCs6dyzbgxNKb8_10libcgroups6common17write_cgroup_fileNtNtCslIgaOqvXPTn_3std4path7PathBufRNtNtCsdfjrgz5TZDL_5alloc6string6StringEs_0B6_
FNDA:0,_RINvNtCs6dyzbgxNKb8_10libcgroups6common17write_cgroup_fileNtNtCslIgaOqvXPTn_3std4path7PathBufxEB4_
FNDA:0,_RINvNtCs6dyzbgxNKb8_10libcgroups6common16read_cgroup_fileRNtNtCslIgaOqvXPTn_3std4path7PathBufEB4_
FNDA:0,_RNCINvNtCs6dyzbgxNKb8_10libcgroups6common17write_cgroup_fileNtNtCslIgaOqvXPTn_3std4path7PathBufmEs_0B6_
FNDA:0,_RNCINvNtCs6dyzbgxNKb8_10libcgroups6common17write_cgroup_fileNtNtCslIgaOqvXPTn_3std4path7PathBufNtNtCsc0Hr9amllDc_3nix6unistd3PidE0B6_
FNDA:0,_RNCINvNtCs6dyzbgxNKb8_10libcgroups6common17write_cgroup_fileNtNtCslIgaOqvXPTn_3std4path7PathBufRNtNtCsdfjrgz5TZDL_5alloc6string6StringE0B6_
FNDA:0,_RNvXs7_NtCs6dyzbgxNKb8_10libcgroups6commonNtB5_12FreezerStateNtNtCshypYLURccL2_4core3cmp9PartialEq2eqB7_
FNDA:0,_RINvNtCs6dyzbgxNKb8_10libcgroups6common17write_cgroup_fileNtNtCslIgaOqvXPTn_3std4path7PathBufNtNtCsdfjrgz5TZDL_5alloc6string6StringEB4_
FNDA:0,_RINvNtCs6dyzbgxNKb8_10libcgroups6common21write_cgroup_file_strNtNtCslIgaOqvXPTn_3std4path7PathBufEB4_
FNDA:0,_RNCINvNtCs6dyzbgxNKb8_10libcgroups6common21write_cgroup_file_strRNtNtCslIgaOqvXPTn_3std4path7PathBufE0B6_
FNDA:0,_RNCINvNtCs6dyzbgxNKb8_10libcgroups6common17write_cgroup_fileNtNtCslIgaOqvXPTn_3std4path7PathBuftE0B6_
FNDA:0,_RINvNtCs6dyzbgxNKb8_10libcgroups6common17write_cgroup_fileRNtNtCslIgaOqvXPTn_3std4path7PathBufNtNtCsc0Hr9amllDc_3nix6unistd3PidEB4_
FNDA:0,_RNCINvNtCs6dyzbgxNKb8_10libcgroups6common16read_cgroup_fileNtNtCslIgaOqvXPTn_3std4path7PathBufE0B6_
FNDA:0,_RINvNtCs6dyzbgxNKb8_10libcgroups6common16read_cgroup_fileRNtNtCslIgaOqvXPTn_3std4path4PathEB4_
FNDA:0,_RINvNtCs6dyzbgxNKb8_10libcgroups6common8walk_dirNCNvB2_12get_all_pids0EB4_
FNDA:0,_RNCINvXs_NtCs6dyzbgxNKb8_10libcgroups6commonNtNtCslIgaOqvXPTn_3std4path7PathBufNtB7_10PathBufExt11join_safelyRBG_E0B9_
FNDA:0,_RNvXs1_NtCs6dyzbgxNKb8_10libcgroups6commonNtB5_12FreezerStateNtNtCshypYLURccL2_4core5clone5Clone5cloneB7_
FNDA:0,_RINvNtCs6dyzbgxNKb8_10libcgroups6common21create_cgroup_managerRNtNtCslIgaOqvXPTn_3std4path7PathBufECs9aHzSL9YGbd_12libcontainer
FNDA:0,_RINvNtCs6dyzbgxNKb8_10libcgroups6common21create_cgroup_managerNtNtCslIgaOqvXPTn_3std4path7PathBufECs9aHzSL9YGbd_12libcontainer
FNF:30
FNH:9
DA:51,0
DA:59,0
DA:60,0
DA:61,0
DA:62,0
DA:63,0
DA:66,0
DA:67,0
DA:71,3
DA:82,0
DA:95,4925
DA:96,4925
DA:97,4925
DA:98,4925
DA:99,4925
DA:100,4925
DA:101,4925
DA:102,4923
DA:103,4923
DA:105,4910
DA:106,4912
DA:109,372
DA:110,372
DA:111,372
DA:112,372
DA:113,372
DA:114,372
DA:115,372
DA:116,372
DA:117,364
DA:118,364
DA:120,364
DA:121,372
DA:124,41
DA:125,41
DA:126,41
DA:127,41
DA:137,0
DA:138,0
DA:139,0
DA:145,0
DA:146,0
DA:147,0
DA:148,0
DA:149,0
DA:150,0
DA:151,0
DA:152,0
DA:153,0
DA:154,0
DA:155,0
DA:156,0
DA:157,0
DA:158,0
DA:159,0
DA:160,0
DA:161,0
DA:162,0
DA:163,0
DA:165,0
DA:166,0
DA:168,0
DA:171,0
DA:172,0
DA:174,0
DA:175,0
DA:176,0
DA:177,0
DA:178,0
DA:179,0
DA:180,0
DA:181,0
DA:182,0
DA:183,0
DA:185,0
DA:186,0
DA:187,0
DA:188,0
DA:189,0
DA:192,0
DA:195,0
DA:196,0
DA:197,0
DA:198,0
DA:206,0
DA:207,0
DA:208,0
DA:209,0
DA:210,0
DA:211,0
DA:212,0
DA:220,0
DA:221,0
DA:222,0
DA:223,0
DA:224,0
DA:225,0
DA:226,0
DA:227,0
DA:228,0
DA:229,0
DA:230,0
DA:231,0
DA:232,0
DA:233,0
DA:234,0
DA:236,0
DA:237,0
DA:238,0
DA:239,0
DA:240,0
DA:241,0
DA:242,0
DA:252,0
DA:253,0
DA:254,0
DA:255,0
DA:256,0
DA:257,0
DA:258,0
DA:259,0
DA:260,0
DA:262,0
DA:263,0
DA:264,0
DA:265,0
DA:266,0
DA:272,0
DA:273,0
DA:274,0
DA:275,0
DA:276,0
DA:277,0
DA:278,0
DA:279,0
DA:281,0
DA:282,0
DA:289,6
DA:290,6
DA:291,6
DA:292,3
DA:293,3
DA:295,3
DA:296,3
DA:297,3
DA:298,3
DA:299,6
DA:302,1
DA:303,1
DA:304,1
DA:305,1
DA:306,1
DA:307,1
DA:308,1
DA:309,1
DA:310,1
DA:311,1
DA:312,1
DA:313,1
DA:314,1
DA:315,1
DA:316,1
DA:317,1
DA:318,1
DA:319,1
DA:320,1
DA:321,1
DA:322,1
DA:323,1
DA:324,1
DA:325,1
DA:326,1
DA:327,1
DA:328,1
DA:329,1
DA:330,1
DA:331,1
DA:332,1
DA:333,1
DA:334,1
DA:335,1
DA:336,1
DA:337,1
DA:338,1
DA:339,1
DA:340,1
DA:341,1
DA:342,1
DA:343,1
DA:344,1
DA:345,1
DA:346,1
DA:347,1
DA:348,1
DA:349,1
DA:350,1
DA:351,1
DA:353,0
DA:354,0
DA:355,0
DA:356,0
DA:357,0
DA:358,0
DA:359,0
DA:360,0
DA:361,0
DA:362,0
DA:363,0
DA:364,0
DA:365,0
DA:366,0
DA:367,0
DA:368,0
DA:369,0
DA:370,0
DA:371,0
DA:372,0
DA:373,0
DA:374,0
DA:375,0
DA:376,0
DA:377,0
DA:378,0
DA:379,0
DA:380,0
DA:381,0
DA:382,0
DA:383,0
DA:384,0
DA:385,0
DA:386,0
DA:387,0
DA:388,0
DA:389,0
DA:390,0
DA:391,0
DA:392,0
DA:393,0
DA:394,0
DA:395,0
DA:396,0
DA:397,0
DA:398,0
DA:399,0
DA:400,0
DA:401,0
DA:402,0
DA:403,0
DA:404,0
DA:407,0
DA:408,0
DA:409,0
DA:410,0
DA:411,0
DA:412,0
DA:413,0
DA:414,0
DA:415,0
DA:417,0
DA:418,0
DA:419,0
DA:420,0
DA:421,0
DA:422,0
DA:423,0
DA:424,0
DA:425,0
DA:426,0
DA:427,0
DA:430,0
DA:431,0
BRF:0
BRH:0
LF:285
LH:90
end_of_record
SF:crates/libcgroups/src/lib.rs
FN:1,_RNvCslEpTaKix7hR_10libcgroups4main
FNDA:1,_RNvCslEpTaKix7hR_10libcgroups4main
FNF:1
FNH:1
DA:1,1
BRF:0
BRH:0
LF:1
LH:1
end_of_record
SF:crates/libcgroups/src/stats.rs
FN:416,_RNCNvNtNtCslEpTaKix7hR_10libcgroups5stats5tests47test_parse_newline_separated_as_flat_keyed_data0B7_
FN:512,_RNCNvNtNtCslEpTaKix7hR_10libcgroups5stats5tests24test_parse_device_number0B7_
FN:348,_RNCNvNtNtCslEpTaKix7hR_10libcgroups5stats5tests34test_supported_page_sizes_kilobyte0B7_
FN:349,_RNvNtNtCslEpTaKix7hR_10libcgroups5stats5testss_34test_supported_page_sizes_kilobyte
FN:373,_RNvNtNtCslEpTaKix7hR_10libcgroups5stats5testss_40test_parse_single_value_multiple_entries
FN:382,_RNvNtNtCslEpTaKix7hR_10libcgroups5stats5testss_26test_parse_flat_keyed_data
FN:343,_RNvNtNtCslEpTaKix7hR_10libcgroups5stats5testss_34test_supported_page_sizes_megabyte
FN:354,_RNCNvNtNtCslEpTaKix7hR_10libcgroups5stats5tests29test_parse_single_value_valid0B7_
FN:406,_RNCNvNtNtCslEpTaKix7hR_10libcgroups5stats5tests45test_parse_space_separated_as_flat_keyed_data0B7_
FN:417,_RNvNtNtCslEpTaKix7hR_10libcgroups5stats5testss_47test_parse_newline_separated_as_flat_keyed_data
FN:483,_RNvNtNtCslEpTaKix7hR_10libcgroups5stats5testss_47test_parse_space_separated_as_nested_keyed_data
FN:502,_RNCNvNtNtCslEpTaKix7hR_10libcgroups5stats5tests42test_parse_flat_keyed_as_nested_keyed_data0B7_
FN:519,_RNvNtNtCslEpTaKix7hR_10libcgroups5stats5testss_32test_parse_invalid_device_number
FN:427,_RNvNtNtCslEpTaKix7hR_10libcgroups5stats5testss_47test_parse_nested_keyed_data_as_flat_keyed_data
FN:492,_RNCNvNtNtCslEpTaKix7hR_10libcgroups5stats5tests49test_parse_newline_separated_as_nested_keyed_data0B7_
FN:363,_RNCNvNtNtCslEpTaKix7hR_10libcgroups5stats5tests38test_parse_single_value_invalid_number0B7_
FN:342,_RNCNvNtNtCslEpTaKix7hR_10libcgroups5stats5tests34test_supported_page_sizes_megabyte0B7_
FN:426,_RNCNvNtNtCslEpTaKix7hR_10libcgroups5stats5tests47test_parse_nested_keyed_data_as_flat_keyed_data0B7_
FN:396,_RNCNvNtNtCslEpTaKix7hR_10libcgroups5stats5tests42test_parse_flat_keyed_data_with_characters0B7_
FN:503,_RNvNtNtCslEpTaKix7hR_10libcgroups5stats5testss_42test_parse_flat_keyed_as_nested_keyed_data
FN:513,_RNvNtNtCslEpTaKix7hR_10libcgroups5stats5testss_24test_parse_device_number
FN:337,_RNvNtNtCslEpTaKix7hR_10libcgroups5stats5testss_34test_supported_page_sizes_gigabyte
FN:336,_RNCNvNtNtCslEpTaKix7hR_10libcgroups5stats5tests34test_supported_page_sizes_gigabyte0B7_
FN:372,_RNCNvNtNtCslEpTaKix7hR_10libcgroups5stats5tests40test_parse_single_value_multiple_entries0B7_
FN:407,_RNvNtNtCslEpTaKix7hR_10libcgroups5stats5testss_45test_parse_space_separated_as_flat_keyed_data
FN:355,_RNvNtNtCslEpTaKix7hR_10libcgroups5stats5testss_29test_parse_single_value_valid
FN:442,_RNvNtNtCslEpTaKix7hR_10libcgroups5stats5testss_28test_parse_nested_keyed_data
FN:364,_RNvNtNtCslEpTaKix7hR_10libcgroups5stats5testss_38test_parse_single_value_invalid_number
FN:518,_RNCNvNtNtCslEpTaKix7hR_10libcgroups5stats5tests32test_parse_invalid_device_number0B7_
FN:441,_RNCNvNtNtCslEpTaKix7hR_10libcgroups5stats5tests28test_parse_nested_keyed_data0B7_
FN:381,_RNCNvNtNtCslEpTaKix7hR_10libcgroups5stats5tests26test_parse_flat_keyed_data0B7_
FN:397,_RNvNtNtCslEpTaKix7hR_10libcgroups5stats5testss_42test_parse_flat_keyed_data_with_characters
FN:493,_RNvNtNtCslEpTaKix7hR_10libcgroups5stats5testss_49test_parse_newline_separated_as_nested_keyed_data
FN:482,_RNCNvNtNtCslEpTaKix7hR_10libcgroups5stats5tests47test_parse_space_separated_as_nested_keyed_data0B7_
FN:98,_RNvXsq_NtCslEpTaKix7hR_10libcgroups5statsNtB5_8PidStatsNtNtCshypYLURccL2_4core3cmp9PartialEq2eqB7_
FN:128,_RNvXsE_NtCslEpTaKix7hR_10libcgroups5statsNtB5_15BlkioDeviceStatNtNtCshypYLURccL2_4core5clone5Clone5cloneB7_
FN:98,_RNvXsn_NtCslEpTaKix7hR_10libcgroups5statsNtB5_8PidStatsNtNtCshypYLURccL2_4core3fmt5Debug3fmt
FN:85,_RNvXsh_NtCslEpTaKix7hR_10libcgroups5statsNtB5_10MemoryDataNtNtCshypYLURccL2_4core3fmt5Debug3fmt
FN:155,_RINvXNvNtCslEpTaKix7hR_10libcgroups5statss7_1__NtB5_12HugeTlbStatsNtNtCsdJwOYunNrgH_5serde3ser9Serialize9serializepEB7_
FN:38,_RNvXs3_NtCslEpTaKix7hR_10libcgroups5statsNtB5_8CpuUsageNtNtCshypYLURccL2_4core3fmt5Debug3fmt
FN:277,_RNCNvNtCslEpTaKix7hR_10libcgroups5stats23parse_nested_keyed_data0B5_
FN:128,_RNvXsF_NtCslEpTaKix7hR_10libcgroups5statsNtB5_15BlkioDeviceStatNtNtCshypYLURccL2_4core3cmp10PartialOrd11partial_cmpB7_
FN:107,_RINvXNvNtCslEpTaKix7hR_10libcgroups5statss5_1__NtB5_10BlkioStatsNtNtCsdJwOYunNrgH_5serde3ser9Serialize9serializepEB7_
FN:184,_RNvNtCslEpTaKix7hR_10libcgroups5stats17extract_page_size
FN:128,_RINvXNvNtCslEpTaKix7hR_10libcgroups5statss6_1__NtB5_15BlkioDeviceStatNtNtCsdJwOYunNrgH_5serde3ser9Serialize9serializepEB7_
FN:128,_RNvXsB_NtCslEpTaKix7hR_10libcgroups5statsNtB5_15BlkioDeviceStatNtNtCshypYLURccL2_4core3cmp9PartialEq2neB7_
FN:66,_RNvXsg_NtCslEpTaKix7hR_10libcgroups5statsNtB5_11MemoryStatsNtNtCshypYLURccL2_4core7default7Default7defaultB7_
FN:29,_RNvXs1_NtCslEpTaKix7hR_10libcgroups5statsNtB5_8CpuStatsNtNtCshypYLURccL2_4core3fmt5Debug3fmt
FN:166,_RNvNtCslEpTaKix7hR_10libcgroups5stats20supported_page_sizes
FN:55,_RNvXsc_NtCslEpTaKix7hR_10libcgroups5statsNtB5_13CpuThrottlingNtNtCshypYLURccL2_4core3cmp9PartialEq2neB7_
FN:128,_RNvXsG_NtCslEpTaKix7hR_10libcgroups5statsNtB5_15BlkioDeviceStatNtNtCshypYLURccL2_4core3cmp3Ord3cmpB7_
FN:155,_RNvXsK_NtCslEpTaKix7hR_10libcgroups5statsNtB5_12HugeTlbStatsNtNtCshypYLURccL2_4core3cmp9PartialEq2neB7_
FN:142,_RNvXNtCslEpTaKix7hR_10libcgroups5statsNtB2_15BlkioDeviceStatNtNtCshypYLURccL2_4core3fmt7Display3fmt
FN:85,_RNvXsk_NtCslEpTaKix7hR_10libcgroups5statsNtB5_10MemoryDataNtNtCshypYLURccL2_4core3cmp9PartialEq2neB7_
FN:98,_RNvXso_NtCslEpTaKix7hR_10libcgroups5statsNtB5_8PidStatsNtNtCshypYLURccL2_4core7default7Default7defaultB7_
FN:322,_RNCNvNtCslEpTaKix7hR_10libcgroups5stats9pid_stats0B5_
FN:14,_RNvXs0_NtCslEpTaKix7hR_10libcgroups5statsNtB5_5StatsNtNtCshypYLURccL2_4core7default7Default7defaultB7_
FN:155,_RNvXsK_NtCslEpTaKix7hR_10libcgroups5statsNtB5_12HugeTlbStatsNtNtCshypYLURccL2_4core3cmp9PartialEq2eqB7_
FN:14,_RNvXs_NtCslEpTaKix7hR_10libcgroups5statsNtB4_5StatsNtNtCshypYLURccL2_4core3fmt5Debug3fmt
FN:286,_RNCNvNtCslEpTaKix7hR_10libcgroups5stats23parse_nested_keyed_datas_0B5_
FN:155,_RNvXsH_NtCslEpTaKix7hR_10libcgroups5statsNtB5_12HugeTlbStatsNtNtCshypYLURccL2_4core3fmt5Debug3fmt
FN:29,_RNvXs2_NtCslEpTaKix7hR_10libcgroups5statsNtB5_8CpuStatsNtNtCshypYLURccL2_4core7default7Default7defaultB7_
FN:85,_RNvXsk_NtCslEpTaKix7hR_10libcgroups5statsNtB5_10MemoryDataNtNtCshypYLURccL2_4core3cmp9PartialEq2eqB7_
FN:14,_RINvXNvNtCslEpTaKix7hR_10libcgroups5stats1__NtB5_5StatsNtNtCsdJwOYunNrgH_5serde3ser9Serialize9serializepEB7_
FN:55,_RNvXs9_NtCslEpTaKix7hR_10libcgroups5statsNtB5_13CpuThrottlingNtNtCshypYLURccL2_4core3fmt5Debug3fmt
FN:38,_RNvXs6_NtCslEpTaKix7hR_10libcgroups5statsNtB5_8CpuUsageNtNtCshypYLURccL2_4core3cmp9PartialEq2eqB7_
FN:85,_RINvXNvNtCslEpTaKix7hR_10libcgroups5statss3_1__NtB5_10MemoryDataNtNtCsdJwOYunNrgH_5serde3ser9Serialize9serializepEB7_
FN:55,_RINvXNvNtCslEpTaKix7hR_10libcgroups5statss1_1__NtB5_13CpuThrottlingNtNtCsdJwOYunNrgH_5serde3ser9Serialize9serializepEB7_
FN:215,_RNCNvNtCslEpTaKix7hR_10libcgroups5stats11parse_value0B5_
FN:312,_RNvNtCslEpTaKix7hR_10libcgroups5stats9pid_stats
FN:128,_RNvXsz_NtCslEpTaKix7hR_10libcgroups5statsNtB5_15BlkioDeviceStatNtNtCshypYLURccL2_4core3fmt5Debug3fmt
FN:107,_RNvXsu_NtCslEpTaKix7hR_10libcgroups5statsNtB5_10BlkioStatsNtNtCshypYLURccL2_4core7default7Default7defaultB7_
FN:186,_RNCNvNtCslEpTaKix7hR_10libcgroups5stats17extract_page_size0B5_
FN:302,_RNvNtCslEpTaKix7hR_10libcgroups5stats19parse_device_number
FN:227,_RNvNtCslEpTaKix7hR_10libcgroups5stats18parse_single_value
FN:272,_RNvNtCslEpTaKix7hR_10libcgroups5stats23parse_nested_keyed_data
FN:107,_RNvXsw_NtCslEpTaKix7hR_10libcgroups5statsNtB5_10BlkioStatsNtNtCshypYLURccL2_4core3cmp9PartialEq2neB7_
FN:128,_RNvXsB_NtCslEpTaKix7hR_10libcgroups5statsNtB5_15BlkioDeviceStatNtNtCshypYLURccL2_4core3cmp9PartialEq2eqB7_
FN:55,_RNvXsa_NtCslEpTaKix7hR_10libcgroups5statsNtB5_13CpuThrottlingNtNtCshypYLURccL2_4core7default7Default7defaultB7_
FN:258,_RNCNvNtCslEpTaKix7hR_10libcgroups5stats21parse_flat_keyed_data0B5_
FN:107,_RNvXsw_NtCslEpTaKix7hR_10libcgroups5statsNtB5_10BlkioStatsNtNtCshypYLURccL2_4core3cmp9PartialEq2eqB7_
FN:234,_RNCNvNtCslEpTaKix7hR_10libcgroups5stats18parse_single_value0B5_
FN:66,_RINvXNvNtCslEpTaKix7hR_10libcgroups5statss2_1__NtB5_11MemoryStatsNtNtCsdJwOYunNrgH_5serde3ser9Serialize9serializepEB7_
FN:155,_RNvXsI_NtCslEpTaKix7hR_10libcgroups5statsNtB5_12HugeTlbStatsNtNtCshypYLURccL2_4core7default7Default7defaultB7_
FN:85,_RNvXsi_NtCslEpTaKix7hR_10libcgroups5statsNtB5_10MemoryDataNtNtCshypYLURccL2_4core7default7Default7defaultB7_
FN:38,_RINvXNvNtCslEpTaKix7hR_10libcgroups5statss0_1__NtB5_8CpuUsageNtNtCsdJwOYunNrgH_5serde3ser9Serialize9serializepEB7_
FN:38,_RNvXs4_NtCslEpTaKix7hR_10libcgroups5statsNtB5_8CpuUsageNtNtCshypYLURccL2_4core7default7Default7defaultB7_
FN:98,_RINvXNvNtCslEpTaKix7hR_10libcgroups5statss4_1__NtB5_8PidStatsNtNtCsdJwOYunNrgH_5serde3ser9Serialize9serializepEB7_
FN:55,_RNvXsc_NtCslEpTaKix7hR_10libcgroups5statsNtB5_13CpuThrottlingNtNtCshypYLURccL2_4core3cmp9PartialEq2eqB7_
FN:38,_RNvXs6_NtCslEpTaKix7hR_10libcgroups5statsNtB5_8CpuUsageNtNtCshypYLURccL2_4core3cmp9PartialEq2neB7_
FN:29,_RINvXNvNtCslEpTaKix7hR_10libcgroups5statss_1__NtB5_8CpuStatsNtNtCsdJwOYunNrgH_5serde3ser9Serialize9serializepEB7_
FN:107,_RNvXst_NtCslEpTaKix7hR_10libcgroups5statsNtB5_10BlkioStatsNtNtCshypYLURccL2_4core3fmt5Debug3fmt
FN:212,_RNvNtCslEpTaKix7hR_10libcgroups5stats11parse_value
FN:98,_RNvXsq_NtCslEpTaKix7hR_10libcgroups5statsNtB5_8PidStatsNtNtCshypYLURccL2_4core3cmp9PartialEq2neB7_
FN:244,_RNvNtCslEpTaKix7hR_10libcgroups5stats21parse_flat_keyed_data
FN:66,_RNvXsf_NtCslEpTaKix7hR_10libcgroups5statsNtB5_11MemoryStatsNtNtCshypYLURccL2_4core3fmt5Debug3fmt
FN:29,_RNvXs1_NtCs6dyzbgxNKb8_10libcgroups5statsNtB5_8CpuStatsNtNtCshypYLURccL2_4core3fmt5Debug3fmt
FN:85,_RNvXsk_NtCs6dyzbgxNKb8_10libcgroups5statsNtB5_10MemoryDataNtNtCshypYLURccL2_4core3cmp9PartialEq2neB7_
FN:14,_RNvXs_NtCs6dyzbgxNKb8_10libcgroups5statsNtB4_5StatsNtNtCshypYLURccL2_4core3fmt5Debug3fmt
FN:166,_RNvNtCs6dyzbgxNKb8_10libcgroups5stats20supported_page_sizes
FN:244,_RNvNtCs6dyzbgxNKb8_10libcgroups5stats21parse_flat_keyed_data
FN:258,_RNCNvNtCs6dyzbgxNKb8_10libcgroups5stats21parse_flat_keyed_data0B5_
FN:29,_RNvXs2_NtCs6dyzbgxNKb8_10libcgroups5statsNtB5_8CpuStatsNtNtCshypYLURccL2_4core7default7Default7defaultB7_
FN:85,_RNvXsk_NtCs6dyzbgxNKb8_10libcgroups5statsNtB5_10MemoryDataNtNtCshypYLURccL2_4core3cmp9PartialEq2eqB7_
FN:66,_RNvXsf_NtCs6dyzbgxNKb8_10libcgroups5statsNtB5_11MemoryStatsNtNtCshypYLURccL2_4core3fmt5Debug3fmt
FN:14,_RINvXNvNtCs6dyzbgxNKb8_10libcgroups5stats1__NtB5_5StatsNtNtCsdJwOYunNrgH_5serde3ser9Serialize9serializepEB7_
FN:128,_RINvXNvNtCs6dyzbgxNKb8_10libcgroups5statss6_1__NtB5_15BlkioDeviceStatNtNtCsdJwOYunNrgH_5serde3ser9Serialize9serializepEB7_
FN:155,_RNvXsH_NtCs6dyzbgxNKb8_10libcgroups5statsNtB5_12HugeTlbStatsNtNtCshypYLURccL2_4core3fmt5Debug3fmt
FN:107,_RNvXsu_NtCs6dyzbgxNKb8_10libcgroups5statsNtB5_10BlkioStatsNtNtCshypYLURccL2_4core7default7Default7defaultB7_
FN:85,_RINvXNvNtCs6dyzbgxNKb8_10libcgroups5statss3_1__NtB5_10MemoryDataNtNtCsdJwOYunNrgH_5serde3ser9Serialize9serializepEB7_
FN:155,_RNvXsK_NtCs6dyzbgxNKb8_10libcgroups5statsNtB5_12HugeTlbStatsNtNtCshypYLURccL2_4core3cmp9PartialEq2neB7_
FN:38,_RNvXs6_NtCs6dyzbgxNKb8_10libcgroups5statsNtB5_8CpuUsageNtNtCshypYLURccL2_4core3cmp9PartialEq2neB7_
FN:85,_RNvXsi_NtCs6dyzbgxNKb8_10libcgroups5statsNtB5_10MemoryDataNtNtCshypYLURccL2_4core7default7Default7defaultB7_
FN:128,_RNvXsB_NtCs6dyzbgxNKb8_10libcgroups5statsNtB5_15BlkioDeviceStatNtNtCshypYLURccL2_4core3cmp9PartialEq2eqB7_
FN:215,_RNCNvNtCs6dyzbgxNKb8_10libcgroups5stats11parse_value0B5_
FN:98,_RNvXsq_NtCs6dyzbgxNKb8_10libcgroups5statsNtB5_8PidStatsNtNtCshypYLURccL2_4core3cmp9PartialEq2neB7_
FN:212,_RNvNtCs6dyzbgxNKb8_10libcgroups5stats11parse_value
FN:107,_RNvXst_NtCs6dyzbgxNKb8_10libcgroups5statsNtB5_10BlkioStatsNtNtCshypYLURccL2_4core3fmt5Debug3fmt
FN:286,_RNCNvNtCs6dyzbgxNKb8_10libcgroups5stats23parse_nested_keyed_datas_0B5_
FN:98,_RNvXsq_NtCs6dyzbgxNKb8_10libcgroups5statsNtB5_8PidStatsNtNtCshypYLURccL2_4core3cmp9PartialEq2eqB7_
FN:38,_RINvXNvNtCs6dyzbgxNKb8_10libcgroups5statss0_1__NtB5_8CpuUsageNtNtCsdJwOYunNrgH_5serde3ser9Serialize9serializepEB7_
FN:85,_RNvXsh_NtCs6dyzbgxNKb8_10libcgroups5statsNtB5_10MemoryDataNtNtCshypYLURccL2_4core3fmt5Debug3fmt
FN:128,_RNvXsE_NtCs6dyzbgxNKb8_10libcgroups5statsNtB5_15BlkioDeviceStatNtNtCshypYLURccL2_4core5clone5Clone5cloneB7_
FN:55,_RNvXs9_NtCs6dyzbgxNKb8_10libcgroups5statsNtB5_13CpuThrottlingNtNtCshypYLURccL2_4core3fmt5Debug3fmt
FN:66,_RNvXsg_NtCs6dyzbgxNKb8_10libcgroups5statsNtB5_11MemoryStatsNtNtCshypYLURccL2_4core7default7Default7defaultB7_
FN:128,_RNvXsz_NtCs6dyzbgxNKb8_10libcgroups5statsNtB5_15BlkioDeviceStatNtNtCshypYLURccL2_4core3fmt5Debug3fmt
FN:227,_RNvNtCs6dyzbgxNKb8_10libcgroups5stats18parse_single_value
FN:55,_RNvXsc_NtCs6dyzbgxNKb8_10libcgroups5statsNtB5_13CpuThrottlingNtNtCshypYLURccL2_4core3cmp9PartialEq2neB7_
FN:128,_RNvXsG_NtCs6dyzbgxNKb8_10libcgroups5statsNtB5_15BlkioDeviceStatNtNtCshypYLURccL2_4core3cmp3Ord3cmpB7_
FN:98,_RNvXso_NtCs6dyzbgxNKb8_10libcgroups5statsNtB5_8PidStatsNtNtCshypYLURccL2_4core7default7Default7defaultB7_
FN:322,_RNCNvNtCs6dyzbgxNKb8_10libcgroups5stats9pid_stats0B5_
FN:98,_RINvXNvNtCs6dyzbgxNKb8_10libcgroups5statss4_1__NtB5_8PidStatsNtNtCsdJwOYunNrgH_5serde3ser9Serialize9serializepEB7_
FN:55,_RNvXsc_NtCs6dyzbgxNKb8_10libcgroups5statsNtB5_13CpuThrottlingNtNtCshypYLURccL2_4core3cmp9PartialEq2eqB7_
FN:277,_RNCNvNtCs6dyzbgxNKb8_10libcgroups5stats23parse_nested_keyed_data0B5_
FN:155,_RNvXsK_NtCs6dyzbgxNKb8_10libcgroups5statsNtB5_12HugeTlbStatsNtNtCshypYLURccL2_4core3cmp9PartialEq2eqB7_
FN:38,_RNvXs6_NtCs6dyzbgxNKb8_10libcgroups5statsNtB5_8CpuUsageNtNtCshypYLURccL2_4core3cmp9PartialEq2eqB7_
FN:234,_RNCNvNtCs6dyzbgxNKb8_10libcgroups5stats18parse_single_value0B5_
FN:186,_RNCNvNtCs6dyzbgxNKb8_10libcgroups5stats17extract_page_size0B5_
FN:55,_RINvXNvNtCs6dyzbgxNKb8_10libcgroups5statss1_1__NtB5_13CpuThrottlingNtNtCsdJwOYunNrgH_5serde3ser9Serialize9serializepEB7_
FN:98,_RNvXsn_NtCs6dyzbgxNKb8_10libcgroups5statsNtB5_8PidStatsNtNtCshypYLURccL2_4core3fmt5Debug3fmt
FN:155,_RINvXNvNtCs6dyzbgxNKb8_10libcgroups5statss7_1__NtB5_12HugeTlbStatsNtNtCsdJwOYunNrgH_5serde3ser9Serialize9serializepEB7_
FN:107,_RNvXsw_NtCs6dyzbgxNKb8_10libcgroups5statsNtB5_10BlkioStatsNtNtCshypYLURccL2_4core3cmp9PartialEq2neB7_
FN:55,_RNvXsa_NtCs6dyzbgxNKb8_10libcgroups5statsNtB5_13CpuThrottlingNtNtCshypYLURccL2_4core7default7Default7defaultB7_
FN:14,_RNvXs0_NtCs6dyzbgxNKb8_10libcgroups5statsNtB5_5StatsNtNtCshypYLURccL2_4core7default7Default7defaultB7_
FN:155,_RNvXsI_NtCs6dyzbgxNKb8_10libcgroups5statsNtB5_12HugeTlbStatsNtNtCshypYLURccL2_4core7default7Default7defaultB7_
FN:38,_RNvXs4_NtCs6dyzbgxNKb8_10libcgroups5statsNtB5_8CpuUsageNtNtCshypYLURccL2_4core7default7Default7defaultB7_
FN:29,_RINvXNvNtCs6dyzbgxNKb8_10libcgroups5statss_1__NtB5_8CpuStatsNtNtCsdJwOYunNrgH_5serde3ser9Serialize9serializepEB7_
FN:302,_RNvNtCs6dyzbgxNKb8_10libcgroups5stats19parse_device_number
FN:142,_RNvXNtCs6dyzbgxNKb8_10libcgroups5statsNtB2_15BlkioDeviceStatNtNtCshypYLURccL2_4core3fmt7Display3fmt
FN:66,_RINvXNvNtCs6dyzbgxNKb8_10libcgroups5statss2_1__NtB5_11MemoryStatsNtNtCsdJwOYunNrgH_5serde3ser9Serialize9serializepEB7_
FN:38,_RNvXs3_NtCs6dyzbgxNKb8_10libcgroups5statsNtB5_8CpuUsageNtNtCshypYLURccL2_4core3fmt5Debug3fmt
FN:128,_RNvXsF_NtCs6dyzbgxNKb8_10libcgroups5statsNtB5_15BlkioDeviceStatNtNtCshypYLURccL2_4core3cmp10PartialOrd11partial_cmpB7_
FN:107,_RINvXNvNtCs6dyzbgxNKb8_10libcgroups5statss5_1__NtB5_10BlkioStatsNtNtCsdJwOYunNrgH_5serde3ser9Serialize9serializepEB7_
FN:128,_RNvXsB_NtCs6dyzbgxNKb8_10libcgroups5statsNtB5_15BlkioDeviceStatNtNtCshypYLURccL2_4core3cmp9PartialEq2neB7_
FN:272,_RNvNtCs6dyzbgxNKb8_10libcgroups5stats23parse_nested_keyed_data
FN:312,_RNvNtCs6dyzbgxNKb8_10libcgroups5stats9pid_stats
FN:107,_RNvXsw_NtCs6dyzbgxNKb8_10libcgroups5statsNtB5_10BlkioStatsNtNtCshypYLURccL2_4core3cmp9PartialEq2eqB7_
FN:184,_RNvNtCs6dyzbgxNKb8_10libcgroups5stats17extract_page_size
FN:155,_RINvXNvNtCs6dyzbgxNKb8_10libcgroups5statss7_1__NtB5_12HugeTlbStatsNtNtCsdJwOYunNrgH_5serde3ser9Serialize9serializeQINtNtCs5MpeWeKc5si_10serde_json3ser10SerializerQINtNtCsdfjrgz5TZDL_5alloc3vec3VechENtB1S_15PrettyFormatterEECs9aHzSL9YGbd_12libcontainer
FN:128,_RINvXNvNtCs6dyzbgxNKb8_10libcgroups5statss6_1__NtB5_15BlkioDeviceStatNtNtCsdJwOYunNrgH_5serde3ser9Serialize9serializeQINtNtCs5MpeWeKc5si_10serde_json3ser10SerializerQINtNtCsdfjrgz5TZDL_5alloc3vec3VechENtB1V_15PrettyFormatterEECs9aHzSL9YGbd_12libcontainer
FN:29,_RINvXNvNtCs6dyzbgxNKb8_10libcgroups5statss_1__NtB5_8CpuStatsNtNtCsdJwOYunNrgH_5serde3ser9Serialize9serializeQINtNtCs5MpeWeKc5si_10serde_json3ser10SerializerQINtNtCsdfjrgz5TZDL_5alloc3vec3VechENtB1M_15PrettyFormatterEECs9aHzSL9YGbd_12libcontainer
FN:107,_RINvXNvNtCs6dyzbgxNKb8_10libcgroups5statss5_1__NtB5_10BlkioStatsNtNtCsdJwOYunNrgH_5serde3ser9Serialize9serializeQINtNtCs5MpeWeKc5si_10serde_json3ser10SerializerQINtNtCsdfjrgz5TZDL_5alloc3vec3VechENtB1Q_15PrettyFormatterEECs9aHzSL9YGbd_12libcontainer
FN:38,_RINvXNvNtCs6dyzbgxNKb8_10libcgroups5statss0_1__NtB5_8CpuUsageNtNtCsdJwOYunNrgH_5serde3ser9Serialize9serializeQINtNtCs5MpeWeKc5si_10serde_json3ser10SerializerQINtNtCsdfjrgz5TZDL_5alloc3vec3VechENtB1N_15PrettyFormatterEECs9aHzSL9YGbd_12libcontainer
FN:14,_RINvXNvNtCs6dyzbgxNKb8_10libcgroups5stats1__NtB5_5StatsNtNtCsdJwOYunNrgH_5serde3ser9Serialize9serializeQINtNtCs5MpeWeKc5si_10serde_json3ser10SerializerQINtNtCsdfjrgz5TZDL_5alloc3vec3VechENtB1H_15PrettyFormatterEECs9aHzSL9YGbd_12libcontainer
FN:85,_RINvXNvNtCs6dyzbgxNKb8_10libcgroups5statss3_1__NtB5_10MemoryDataNtNtCsdJwOYunNrgH_5serde3ser9Serialize9serializeQINtNtCs5MpeWeKc5si_10serde_json3ser10SerializerQINtNtCsdfjrgz5TZDL_5alloc3vec3VechENtB1Q_15PrettyFormatterEECs9aHzSL9YGbd_12libcontainer
FN:66,_RINvXNvNtCs6dyzbgxNKb8_10libcgroups5statss2_1__NtB5_11MemoryStatsNtNtCsdJwOYunNrgH_5serde3ser9Serialize9serializeQINtNtCs5MpeWeKc5si_10serde_json3ser10SerializerQINtNtCsdfjrgz5TZDL_5alloc3vec3VechENtB1R_15PrettyFormatterEECs9aHzSL9YGbd_12libcontainer
FN:55,_RINvXNvNtCs6dyzbgxNKb8_10libcgroups5statss1_1__NtB5_13CpuThrottlingNtNtCsdJwOYunNrgH_5serde3ser9Serialize9serializeQINtNtCs5MpeWeKc5si_10serde_json3ser10SerializerQINtNtCsdfjrgz5TZDL_5alloc3vec3VechENtB1T_15PrettyFormatterEECs9aHzSL9YGbd_12libcontainer
FN:98,_RINvXNvNtCs6dyzbgxNKb8_10libcgroups5statss4_1__NtB5_8PidStatsNtNtCsdJwOYunNrgH_5serde3ser9Serialize9serializeQINtNtCs5MpeWeKc5si_10serde_json3ser10SerializerQINtNtCsdfjrgz5TZDL_5alloc3vec3VechENtB1N_15PrettyFormatterEECs9aHzSL9YGbd_12libcontainer
FNDA:1,_RNCNvNtNtCslEpTaKix7hR_10libcgroups5stats5tests47test_parse_newline_separated_as_flat_keyed_data0B7_
FNDA:1,_RNCNvNtNtCslEpTaKix7hR_10libcgroups5stats5tests24test_parse_device_number0B7_
FNDA:1,_RNCNvNtNtCslEpTaKix7hR_10libcgroups5stats5tests34test_supported_page_sizes_kilobyte0B7_
FNDA:1,_RNvNtNtCslEpTaKix7hR_10libcgroups5stats5testss_34test_supported_page_sizes_kilobyte
FNDA:1,_RNvNtNtCslEpTaKix7hR_10libcgroups5stats5testss_40test_parse_single_value_multiple_entries
FNDA:1,_RNvNtNtCslEpTaKix7hR_10libcgroups5stats5testss_26test_parse_flat_keyed_data
FNDA:1,_RNvNtNtCslEpTaKix7hR_10libcgroups5stats5testss_34test_supported_page_sizes_megabyte
FNDA:1,_RNCNvNtNtCslEpTaKix7hR_10libcgroups5stats5tests29test_parse_single_value_valid0B7_
FNDA:1,_RNCNvNtNtCslEpTaKix7hR_10libcgroups5stats5tests45test_parse_space_separated_as_flat_keyed_data0B7_
FNDA:1,_RNvNtNtCslEpTaKix7hR_10libcgroups5stats5testss_47test_parse_newline_separated_as_flat_keyed_data
FNDA:1,_RNvNtNtCslEpTaKix7hR_10libcgroups5stats5testss_47test_parse_space_separated_as_nested_keyed_data
FNDA:1,_RNCNvNtNtCslEpTaKix7hR_10libcgroups5stats5tests42test_parse_flat_keyed_as_nested_keyed_data0B7_
FNDA:1,_RNvNtNtCslEpTaKix7hR_10libcgroups5stats5testss_32test_parse_invalid_device_number
FNDA:1,_RNvNtNtCslEpTaKix7hR_10libcgroups5stats5testss_47test_parse_nested_keyed_data_as_flat_keyed_data
FNDA:1,_RNCNvNtNtCslEpTaKix7hR_10libcgroups5stats5tests49test_parse_newline_separated_as_nested_keyed_data0B7_
FNDA:1,_RNCNvNtNtCslEpTaKix7hR_10libcgroups5stats5tests38test_parse_single_value_invalid_number0B7_
FNDA:1,_RNCNvNtNtCslEpTaKix7hR_10libcgroups5stats5tests34test_supported_page_sizes_megabyte0B7_
FNDA:1,_RNCNvNtNtCslEpTaKix7hR_10libcgroups5stats5tests47test_parse_nested_keyed_data_as_flat_keyed_data0B7_
FNDA:1,_RNCNvNtNtCslEpTaKix7hR_10libcgroups5stats5tests42test_parse_flat_keyed_data_with_characters0B7_
FNDA:1,_RNvNtNtCslEpTaKix7hR_10libcgroups5stats5testss_42test_parse_flat_keyed_as_nested_keyed_data
FNDA:1,_RNvNtNtCslEpTaKix7hR_10libcgroups5stats5testss_24test_parse_device_number
FNDA:1,_RNvNtNtCslEpTaKix7hR_10libcgroups5stats5testss_34test_supported_page_sizes_gigabyte
FNDA:1,_RNCNvNtNtCslEpTaKix7hR_10libcgroups5stats5tests34test_supported_page_sizes_gigabyte0B7_
FNDA:1,_RNCNvNtNtCslEpTaKix7hR_10libcgroups5stats5tests40test_parse_single_value_multiple_entries0B7_
FNDA:1,_RNvNtNtCslEpTaKix7hR_10libcgroups5stats5testss_45test_parse_space_separated_as_flat_keyed_data
FNDA:1,_RNvNtNtCslEpTaKix7hR_10libcgroups5stats5testss_29test_parse_single_value_valid
FNDA:1,_RNvNtNtCslEpTaKix7hR_10libcgroups5stats5testss_28test_parse_nested_keyed_data
FNDA:1,_RNvNtNtCslEpTaKix7hR_10libcgroups5stats5testss_38test_parse_single_value_invalid_number
FNDA:1,_RNCNvNtNtCslEpTaKix7hR_10libcgroups5stats5tests32test_parse_invalid_device_number0B7_
FNDA:1,_RNCNvNtNtCslEpTaKix7hR_10libcgroups5stats5tests28test_parse_nested_keyed_data0B7_
FNDA:1,_RNCNvNtNtCslEpTaKix7hR_10libcgroups5stats5tests26test_parse_flat_keyed_data0B7_
FNDA:1,_RNvNtNtCslEpTaKix7hR_10libcgroups5stats5testss_42test_parse_flat_keyed_data_with_characters
FNDA:1,_RNvNtNtCslEpTaKix7hR_10libcgroups5stats5testss_49test_parse_newline_separated_as_nested_keyed_data
FNDA:1,_RNCNvNtNtCslEpTaKix7hR_10libcgroups5stats5tests47test_parse_space_separated_as_nested_keyed_data0B7_
FNDA:0,_RNvXsq_NtCslEpTaKix7hR_10libcgroups5statsNtB5_8PidStatsNtNtCshypYLURccL2_4core3cmp9PartialEq2eqB7_
FNDA:6,_RNvXsE_NtCslEpTaKix7hR_10libcgroups5statsNtB5_15BlkioDeviceStatNtNtCshypYLURccL2_4core5clone5Clone5cloneB7_
FNDA:0,_RNvXsn_NtCslEpTaKix7hR_10libcgroups5statsNtB5_8PidStatsNtNtCshypYLURccL2_4core3fmt5Debug3fmt
FNDA:0,_RNvXsh_NtCslEpTaKix7hR_10libcgroups5statsNtB5_10MemoryDataNtNtCshypYLURccL2_4core3fmt5Debug3fmt
FNDA:0,_RINvXNvNtCslEpTaKix7hR_10libcgroups5statss7_1__NtB5_12HugeTlbStatsNtNtCsdJwOYunNrgH_5serde3ser9Serialize9serializepEB7_
FNDA:0,_RNvXs3_NtCslEpTaKix7hR_10libcgroups5statsNtB5_8CpuUsageNtNtCshypYLURccL2_4core3fmt5Debug3fmt
FNDA:23,_RNCNvNtCslEpTaKix7hR_10libcgroups5stats23parse_nested_keyed_data0B5_
FNDA:6,_RNvXsF_NtCslEpTaKix7hR_10libcgroups5statsNtB5_15BlkioDeviceStatNtNtCshypYLURccL2_4core3cmp10PartialOrd11partial_cmpB7_
FNDA:0,_RINvXNvNtCslEpTaKix7hR_10libcgroups5statss5_1__NtB5_10BlkioStatsNtNtCsdJwOYunNrgH_5serde3ser9Serialize9serializepEB7_
FNDA:3,_RNvNtCslEpTaKix7hR_10libcgroups5stats17extract_page_size
FNDA:0,_RINvXNvNtCslEpTaKix7hR_10libcgroups5statss6_1__NtB5_15BlkioDeviceStatNtNtCsdJwOYunNrgH_5serde3ser9Serialize9serializepEB7_
FNDA:0,_RNvXsB_NtCslEpTaKix7hR_10libcgroups5statsNtB5_15BlkioDeviceStatNtNtCshypYLURccL2_4core3cmp9PartialEq2neB7_
FNDA:0,_RNvXsg_NtCslEpTaKix7hR_10libcgroups5statsNtB5_11MemoryStatsNtNtCshypYLURccL2_4core7default7Default7defaultB7_
FNDA:0,_RNvXs1_NtCslEpTaKix7hR_10libcgroups5statsNtB5_8CpuStatsNtNtCshypYLURccL2_4core3fmt5Debug3fmt
FNDA:0,_RNvNtCslEpTaKix7hR_10libcgroups5stats20supported_page_sizes
FNDA:0,_RNvXsc_NtCslEpTaKix7hR_10libcgroups5statsNtB5_13CpuThrottlingNtNtCshypYLURccL2_4core3cmp9PartialEq2neB7_
FNDA:0,_RNvXsG_NtCslEpTaKix7hR_10libcgroups5statsNtB5_15BlkioDeviceStatNtNtCshypYLURccL2_4core3cmp3Ord3cmpB7_
FNDA:0,_RNvXsK_NtCslEpTaKix7hR_10libcgroups5statsNtB5_12HugeTlbStatsNtNtCshypYLURccL2_4core3cmp9PartialEq2neB7_
FNDA:0,_RNvXNtCslEpTaKix7hR_10libcgroups5statsNtB2_15BlkioDeviceStatNtNtCshypYLURccL2_4core3fmt7Display3fmt
FNDA:0,_RNvXsk_NtCslEpTaKix7hR_10libcgroups5statsNtB5_10MemoryDataNtNtCshypYLURccL2_4core3cmp9PartialEq2neB7_
FNDA:2,_RNvXso_NtCslEpTaKix7hR_10libcgroups5statsNtB5_8PidStatsNtNtCshypYLURccL2_4core7default7Default7defaultB7_
FNDA:2,_RNCNvNtCslEpTaKix7hR_10libcgroups5stats9pid_stats0B5_
FNDA:0,_RNvXs0_NtCslEpTaKix7hR_10libcgroups5statsNtB5_5StatsNtNtCshypYLURccL2_4core7default7Default7defaultB7_
FNDA:2,_RNvXsK_NtCslEpTaKix7hR_10libcgroups5statsNtB5_12HugeTlbStatsNtNtCshypYLURccL2_4core3cmp9PartialEq2eqB7_
FNDA:0,_RNvXs_NtCslEpTaKix7hR_10libcgroups5statsNtB4_5StatsNtNtCshypYLURccL2_4core3fmt5Debug3fmt
FNDA:21,_RNCNvNtCslEpTaKix7hR_10libcgroups5stats23parse_nested_keyed_datas_0B5_
FNDA:0,_RNvXsH_NtCslEpTaKix7hR_10libcgroups5statsNtB5_12HugeTlbStatsNtNtCshypYLURccL2_4core3fmt5Debug3fmt
FNDA:0,_RNvXs2_NtCslEpTaKix7hR_10libcgroups5statsNtB5_8CpuStatsNtNtCshypYLURccL2_4core7default7Default7defaultB7_
FNDA:2,_RNvXsk_NtCslEpTaKix7hR_10libcgroups5statsNtB5_10MemoryDataNtNtCshypYLURccL2_4core3cmp9PartialEq2eqB7_
FNDA:0,_RINvXNvNtCslEpTaKix7hR_10libcgroups5stats1__NtB5_5StatsNtNtCsdJwOYunNrgH_5serde3ser9Serialize9serializepEB7_
FNDA:0,_RNvXs9_NtCslEpTaKix7hR_10libcgroups5statsNtB5_13CpuThrottlingNtNtCshypYLURccL2_4core3fmt5Debug3fmt
FNDA:1,_RNvXs6_NtCslEpTaKix7hR_10libcgroups5statsNtB5_8CpuUsageNtNtCshypYLURccL2_4core3cmp9PartialEq2eqB7_
FNDA:0,_RINvXNvNtCslEpTaKix7hR_10libcgroups5statss3_1__NtB5_10MemoryDataNtNtCsdJwOYunNrgH_5serde3ser9Serialize9serializepEB7_
FNDA:0,_RINvXNvNtCslEpTaKix7hR_10libcgroups5statss1_1__NtB5_13CpuThrottlingNtNtCsdJwOYunNrgH_5serde3ser9Serialize9serializepEB7_
FNDA:0,_RNCNvNtCslEpTaKix7hR_10libcgroups5stats11parse_value0B5_
FNDA:2,_RNvNtCslEpTaKix7hR_10libcgroups5stats9pid_stats
FNDA:0,_RNvXsz_NtCslEpTaKix7hR_10libcgroups5statsNtB5_15BlkioDeviceStatNtNtCshypYLURccL2_4core3fmt5Debug3fmt
FNDA:4,_RNvXsu_NtCslEpTaKix7hR_10libcgroups5statsNtB5_10BlkioStatsNtNtCshypYLURccL2_4core7default7Default7defaultB7_
FNDA:3,_RNCNvNtCslEpTaKix7hR_10libcgroups5stats17extract_page_size0B5_
FNDA:16,_RNvNtCslEpTaKix7hR_10libcgroups5stats19parse_device_number
FNDA:10,_RNvNtCslEpTaKix7hR_10libcgroups5stats18parse_single_value
FNDA:5,_RNvNtCslEpTaKix7hR_10libcgroups5stats23parse_nested_keyed_data
FNDA:0,_RNvXsw_NtCslEpTaKix7hR_10libcgroups5statsNtB5_10BlkioStatsNtNtCshypYLURccL2_4core3cmp9PartialEq2neB7_
FNDA:20,_RNvXsB_NtCslEpTaKix7hR_10libcgroups5statsNtB5_15BlkioDeviceStatNtNtCshypYLURccL2_4core3cmp9PartialEq2eqB7_
FNDA:1,_RNvXsa_NtCslEpTaKix7hR_10libcgroups5statsNtB5_13CpuThrottlingNtNtCshypYLURccL2_4core7default7Default7defaultB7_
FNDA:1,_RNCNvNtCslEpTaKix7hR_10libcgroups5stats21parse_flat_keyed_data0B5_
FNDA:2,_RNvXsw_NtCslEpTaKix7hR_10libcgroups5statsNtB5_10BlkioStatsNtNtCshypYLURccL2_4core3cmp9PartialEq2eqB7_
FNDA:2,_RNCNvNtCslEpTaKix7hR_10libcgroups5stats18parse_single_value0B5_
FNDA:0,_RINvXNvNtCslEpTaKix7hR_10libcgroups5statss2_1__NtB5_11MemoryStatsNtNtCsdJwOYunNrgH_5serde3ser9Serialize9serializepEB7_
FNDA:2,_RNvXsI_NtCslEpTaKix7hR_10libcgroups5statsNtB5_12HugeTlbStatsNtNtCshypYLURccL2_4core7default7Default7defaultB7_
FNDA:2,_RNvXsi_NtCslEpTaKix7hR_10libcgroups5statsNtB5_10MemoryDataNtNtCshypYLURccL2_4core7default7Default7defaultB7_
FNDA:0,_RINvXNvNtCslEpTaKix7hR_10libcgroups5statss0_1__NtB5_8CpuUsageNtNtCsdJwOYunNrgH_5serde3ser9Serialize9serializepEB7_
FNDA:4,_RNvXs4_NtCslEpTaKix7hR_10libcgroups5statsNtB5_8CpuUsageNtNtCshypYLURccL2_4core7default7Default7defaultB7_
FNDA:0,_RINvXNvNtCslEpTaKix7hR_10libcgroups5statss4_1__NtB5_8PidStatsNtNtCsdJwOYunNrgH_5serde3ser9Serialize9serializepEB7_
FNDA:1,_RNvXsc_NtCslEpTaKix7hR_10libcgroups5statsNtB5_13CpuThrottlingNtNtCshypYLURccL2_4core3cmp9PartialEq2eqB7_
FNDA:0,_RNvXs6_NtCslEpTaKix7hR_10libcgroups5statsNtB5_8CpuUsageNtNtCshypYLURccL2_4core3cmp9PartialEq2neB7_
FNDA:0,_RINvXNvNtCslEpTaKix7hR_10libcgroups5statss_1__NtB5_8CpuStatsNtNtCsdJwOYunNrgH_5serde3ser9Serialize9serializepEB7_
FNDA:0,_RNvXst_NtCslEpTaKix7hR_10libcgroups5statsNtB5_10BlkioStatsNtNtCshypYLURccL2_4core3fmt5Debug3fmt
FNDA:11,_RNvNtCslEpTaKix7hR_10libcgroups5stats11parse_value
FNDA:0,_RNvXsq_NtCslEpTaKix7hR_10libcgroups5statsNtB5_8PidStatsNtNtCshypYLURccL2_4core3cmp9PartialEq2neB7_
FNDA:7,_RNvNtCslEpTaKix7hR_10libcgroups5stats21parse_flat_keyed_data
FNDA:0,_RNvXsf_NtCslEpTaKix7hR_10libcgroups5statsNtB5_11MemoryStatsNtNtCshypYLURccL2_4core3fmt5Debug3fmt
FNDA:0,_RNvXs1_NtCs6dyzbgxNKb8_10libcgroups5statsNtB5_8CpuStatsNtNtCshypYLURccL2_4core3fmt5Debug3fmt
FNDA:0,_RNvXsk_NtCs6dyzbgxNKb8_10libcgroups5statsNtB5_10MemoryDataNtNtCshypYLURccL2_4core3cmp9PartialEq2neB7_
FNDA:0,_RNvXs_NtCs6dyzbgxNKb8_10libcgroups5statsNtB4_5StatsNtNtCshypYLURccL2_4core3fmt5Debug3fmt
FNDA:0,_RNvNtCs6dyzbgxNKb8_10libcgroups5stats20supported_page_sizes
FNDA:0,_RNvNtCs6dyzbgxNKb8_10libcgroups5stats21parse_flat_keyed_data
FNDA:0,_RNCNvNtCs6dyzbgxNKb8_10libcgroups5stats21parse_flat_keyed_data0B5_
FNDA:0,_RNvXs2_NtCs6dyzbgxNKb8_10libcgroups5statsNtB5_8CpuStatsNtNtCshypYLURccL2_4core7default7Default7defaultB7_
FNDA:0,_RNvXsk_NtCs6dyzbgxNKb8_10libcgroups5statsNtB5_10MemoryDataNtNtCshypYLURccL2_4core3cmp9PartialEq2eqB7_
FNDA:0,_RNvXsf_NtCs6dyzbgxNKb8_10libcgroups5statsNtB5_11MemoryStatsNtNtCshypYLURccL2_4core3fmt5Debug3fmt
FNDA:0,_RINvXNvNtCs6dyzbgxNKb8_10libcgroups5stats1__NtB5_5StatsNtNtCsdJwOYunNrgH_5serde3ser9Serialize9serializepEB7_
FNDA:0,_RINvXNvNtCs6dyzbgxNKb8_10libcgroups5statss6_1__NtB5_15BlkioDeviceStatNtNtCsdJwOYunNrgH_5serde3ser9Serialize9serializepEB7_
FNDA:0,_RNvXsH_NtCs6dyzbgxNKb8_10libcgroups5statsNtB5_12HugeTlbStatsNtNtCshypYLURccL2_4core3fmt5Debug3fmt
FNDA:0,_RNvXsu_NtCs6dyzbgxNKb8_10libcgroups5statsNtB5_10BlkioStatsNtNtCshypYLURccL2_4core7default7Default7defaultB7_
FNDA:0,_RINvXNvNtCs6dyzbgxNKb8_10libcgroups5statss3_1__NtB5_10MemoryDataNtNtCsdJwOYunNrgH_5serde3ser9Serialize9serializepEB7_
FNDA:0,_RNvXsK_NtCs6dyzbgxNKb8_10libcgroups5statsNtB5_12HugeTlbStatsNtNtCshypYLURccL2_4core3cmp9PartialEq2neB7_
FNDA:0,_RNvXs6_NtCs6dyzbgxNKb8_10libcgroups5statsNtB5_8CpuUsageNtNtCshypYLURccL2_4core3cmp9PartialEq2neB7_
FNDA:0,_RNvXsi_NtCs6dyzbgxNKb8_10libcgroups5statsNtB5_10MemoryDataNtNtCshypYLURccL2_4core7default7Default7defaultB7_
FNDA:0,_RNvXsB_NtCs6dyzbgxNKb8_10libcgroups5statsNtB5_15BlkioDeviceStatNtNtCshypYLURccL2_4core3cmp9PartialEq2eqB7_
FNDA:0,_RNCNvNtCs6dyzbgxNKb8_10libcgroups5stats11parse_value0B5_
FNDA:0,_RNvXsq_NtCs6dyzbgxNKb8_10libcgroups5statsNtB5_8PidStatsNtNtCshypYLURccL2_4core3cmp9PartialEq2neB7_
FNDA:0,_RNvNtCs6dyzbgxNKb8_10libcgroups5stats11parse_value
FNDA:0,_RNvXst_NtCs6dyzbgxNKb8_10libcgroups5statsNtB5_10BlkioStatsNtNtCshypYLURccL2_4core3fmt5Debug3fmt
FNDA:0,_RNCNvNtCs6dyzbgxNKb8_10libcgroups5stats23parse_nested_keyed_datas_0B5_
FNDA:0,_RNvXsq_NtCs6dyzbgxNKb8_10libcgroups5statsNtB5_8PidStatsNtNtCshypYLURccL2_4core3cmp9PartialEq2eqB7_
FNDA:0,_RINvXNvNtCs6dyzbgxNKb8_10libcgroups5statss0_1__NtB5_8CpuUsageNtNtCsdJwOYunNrgH_5serde3ser9Serialize9serializepEB7_
FNDA:0,_RNvXsh_NtCs6dyzbgxNKb8_10libcgroups5statsNtB5_10MemoryDataNtNtCshypYLURccL2_4core3fmt5Debug3fmt
FNDA:0,_RNvXsE_NtCs6dyzbgxNKb8_10libcgroups5statsNtB5_15BlkioDeviceStatNtNtCshypYLURccL2_4core5clone5Clone5cloneB7_
FNDA:0,_RNvXs9_NtCs6dyzbgxNKb8_10libcgroups5statsNtB5_13CpuThrottlingNtNtCshypYLURccL2_4core3fmt5Debug3fmt
FNDA:0,_RNvXsg_NtCs6dyzbgxNKb8_10libcgroups5statsNtB5_11MemoryStatsNtNtCshypYLURccL2_4core7default7Default7defaultB7_
FNDA:0,_RNvXsz_NtCs6dyzbgxNKb8_10libcgroups5statsNtB5_15BlkioDeviceStatNtNtCshypYLURccL2_4core3fmt5Debug3fmt
FNDA:0,_RNvNtCs6dyzbgxNKb8_10libcgroups5stats18parse_single_value
FNDA:0,_RNvXsc_NtCs6dyzbgxNKb8_10libcgroups5statsNtB5_13CpuThrottlingNtNtCshypYLURccL2_4core3cmp9PartialEq2neB7_
FNDA:0,_RNvXsG_NtCs6dyzbgxNKb8_10libcgroups5statsNtB5_15BlkioDeviceStatNtNtCshypYLURccL2_4core3cmp3Ord3cmpB7_
FNDA:0,_RNvXso_NtCs6dyzbgxNKb8_10libcgroups5statsNtB5_8PidStatsNtNtCshypYLURccL2_4core7default7Default7defaultB7_
FNDA:0,_RNCNvNtCs6dyzbgxNKb8_10libcgroups5stats9pid_stats0B5_
FNDA:0,_RINvXNvNtCs6dyzbgxNKb8_10libcgroups5statss4_1__NtB5_8PidStatsNtNtCsdJwOYunNrgH_5serde3ser9Serialize9serializepEB7_
FNDA:0,_RNvXsc_NtCs6dyzbgxNKb8_10libcgroups5statsNtB5_13CpuThrottlingNtNtCshypYLURccL2_4core3cmp9PartialEq2eqB7_
FNDA:0,_RNCNvNtCs6dyzbgxNKb8_10libcgroups5stats23parse_nested_keyed_data0B5_
FNDA:0,_RNvXsK_NtCs6dyzbgxNKb8_10libcgroups5statsNtB5_12HugeTlbStatsNtNtCshypYLURccL2_4core3cmp9PartialEq2eqB7_
FNDA:0,_RNvXs6_NtCs6dyzbgxNKb8_10libcgroups5statsNtB5_8CpuUsageNtNtCshypYLURccL2_4core3cmp9PartialEq2eqB7_
FNDA:0,_RNCNvNtCs6dyzbgxNKb8_10libcgroups5stats18parse_single_value0B5_
FNDA:0,_RNCNvNtCs6dyzbgxNKb8_10libcgroups5stats17extract_page_size0B5_
FNDA:0,_RINvXNvNtCs6dyzbgxNKb8_10libcgroups5statss1_1__NtB5_13CpuThrottlingNtNtCsdJwOYunNrgH_5serde3ser9Serialize9serializepEB7_
FNDA:0,_RNvXsn_NtCs6dyzbgxNKb8_10libcgroups5statsNtB5_8PidStatsNtNtCshypYLURccL2_4core3fmt5Debug3fmt
FNDA:0,_RINvXNvNtCs6dyzbgxNKb8_10libcgroups5statss7_1__NtB5_12HugeTlbStatsNtNtCsdJwOYunNrgH_5serde3ser9Serialize9serializepEB7_
FNDA:0,_RNvXsw_NtCs6dyzbgxNKb8_10libcgroups5statsNtB5_10BlkioStatsNtNtCshypYLURccL2_4core3cmp9PartialEq2neB7_
FNDA:0,_RNvXsa_NtCs6dyzbgxNKb8_10libcgroups5statsNtB5_13CpuThrottlingNtNtCshypYLURccL2_4core7default7Default7defaultB7_
FNDA:0,_RNvXs0_NtCs6dyzbgxNKb8_10libcgroups5statsNtB5_5StatsNtNtCshypYLURccL2_4core7default7Default7defaultB7_
FNDA:0,_RNvXsI_NtCs6dyzbgxNKb8_10libcgroups5statsNtB5_12HugeTlbStatsNtNtCshypYLURccL2_4core7default7Default7defaultB7_
FNDA:0,_RNvXs4_NtCs6dyzbgxNKb8_10libcgroups5statsNtB5_8CpuUsageNtNtCshypYLURccL2_4core7default7Default7defaultB7_
FNDA:0,_RINvXNvNtCs6dyzbgxNKb8_10libcgroups5statss_1__NtB5_8CpuStatsNtNtCsdJwOYunNrgH_5serde3ser9Serialize9serializepEB7_
FNDA:0,_RNvNtCs6dyzbgxNKb8_10libcgroups5stats19parse_device_number
FNDA:0,_RNvXNtCs6dyzbgxNKb8_10libcgroups5statsNtB2_15BlkioDeviceStatNtNtCshypYLURccL2_4core3fmt7Display3fmt
FNDA:0,_RINvXNvNtCs6dyzbgxNKb8_10libcgroups5statss2_1__NtB5_11MemoryStatsNtNtCsdJwOYunNrgH_5serde3ser9Serialize9serializepEB7_
FNDA:0,_RNvXs3_NtCs6dyzbgxNKb8_10libcgroups5statsNtB5_8CpuUsageNtNtCshypYLURccL2_4core3fmt5Debug3fmt
FNDA:0,_RNvXsF_NtCs6dyzbgxNKb8_10libcgroups5statsNtB5_15BlkioDeviceStatNtNtCshypYLURccL2_4core3cmp10PartialOrd11partial_cmpB7_
FNDA:0,_RINvXNvNtCs6dyzbgxNKb8_10libcgroups5statss5_1__NtB5_10BlkioStatsNtNtCsdJwOYunNrgH_5serde3ser9Serialize9serializepEB7_
FNDA:0,_RNvXsB_NtCs6dyzbgxNKb8_10libcgroups5statsNtB5_15BlkioDeviceStatNtNtCshypYLURccL2_4core3cmp9PartialEq2neB7_
FNDA:0,_RNvNtCs6dyzbgxNKb8_10libcgroups5stats23parse_nested_keyed_data
FNDA:0,_RNvNtCs6dyzbgxNKb8_10libcgroups5stats9pid_stats
FNDA:0,_RNvXsw_NtCs6dyzbgxNKb8_10libcgroups5statsNtB5_10BlkioStatsNtNtCshypYLURccL2_4core3cmp9PartialEq2eqB7_
FNDA:0,_RNvNtCs6dyzbgxNKb8_10libcgroups5stats17extract_page_size
FNDA:0,_RINvXNvNtCs6dyzbgxNKb8_10libcgroups5statss7_1__NtB5_12HugeTlbStatsNtNtCsdJwOYunNrgH_5serde3ser9Serialize9serializeQINtNtCs5MpeWeKc5si_10serde_json3ser10SerializerQINtNtCsdfjrgz5TZDL_5alloc3vec3VechENtB1S_15PrettyFormatterEECs9aHzSL9YGbd_12libcontainer
FNDA:0,_RINvXNvNtCs6dyzbgxNKb8_10libcgroups5statss6_1__NtB5_15BlkioDeviceStatNtNtCsdJwOYunNrgH_5serde3ser9Serialize9serializeQINtNtCs5MpeWeKc5si_10serde_json3ser10SerializerQINtNtCsdfjrgz5TZDL_5alloc3vec3VechENtB1V_15PrettyFormatterEECs9aHzSL9YGbd_12libcontainer
FNDA:0,_RINvXNvNtCs6dyzbgxNKb8_10libcgroups5statss_1__NtB5_8CpuStatsNtNtCsdJwOYunNrgH_5serde3ser9Serialize9serializeQINtNtCs5MpeWeKc5si_10serde_json3ser10SerializerQINtNtCsdfjrgz5TZDL_5alloc3vec3VechENtB1M_15PrettyFormatterEECs9aHzSL9YGbd_12libcontainer
FNDA:0,_RINvXNvNtCs6dyzbgxNKb8_10libcgroups5statss5_1__NtB5_10BlkioStatsNtNtCsdJwOYunNrgH_5serde3ser9Serialize9serializeQINtNtCs5MpeWeKc5si_10serde_json3ser10SerializerQINtNtCsdfjrgz5TZDL_5alloc3vec3VechENtB1Q_15PrettyFormatterEECs9aHzSL9YGbd_12libcontainer
FNDA:0,_RINvXNvNtCs6dyzbgxNKb8_10libcgroups5statss0_1__NtB5_8CpuUsageNtNtCsdJwOYunNrgH_5serde3ser9Serialize9serializeQINtNtCs5MpeWeKc5si_10serde_json3ser10SerializerQINtNtCsdfjrgz5TZDL_5alloc3vec3VechENtB1N_15PrettyFormatterEECs9aHzSL9YGbd_12libcontainer
FNDA:0,_RINvXNvNtCs6dyzbgxNKb8_10libcgroups5stats1__NtB5_5StatsNtNtCsdJwOYunNrgH_5serde3ser9Serialize9serializeQINtNtCs5MpeWeKc5si_10serde_json3ser10SerializerQINtNtCsdfjrgz5TZDL_5alloc3vec3VechENtB1H_15PrettyFormatterEECs9aHzSL9YGbd_12libcontainer
FNDA:0,_RINvXNvNtCs6dyzbgxNKb8_10libcgroups5statss3_1__NtB5_10MemoryDataNtNtCsdJwOYunNrgH_5serde3ser9Serialize9serializeQINtNtCs5MpeWeKc5si_10serde_json3ser10SerializerQINtNtCsdfjrgz5TZDL_5alloc3vec3VechENtB1Q_15PrettyFormatterEECs9aHzSL9YGbd_12libcontainer
FNDA:0,_RINvXNvNtCs6dyzbgxNKb8_10libcgroups5statss2_1__NtB5_11MemoryStatsNtNtCsdJwOYunNrgH_5serde3ser9Serialize9serializeQINtNtCs5MpeWeKc5si_10serde_json3ser10SerializerQINtNtCsdfjrgz5TZDL_5alloc3vec3VechENtB1R_15PrettyFormatterEECs9aHzSL9YGbd_12libcontainer
FNDA:0,_RINvXNvNtCs6dyzbgxNKb8_10libcgroups5statss1_1__NtB5_13CpuThrottlingNtNtCsdJwOYunNrgH_5serde3ser9Serialize9serializeQINtNtCs5MpeWeKc5si_10serde_json3ser10SerializerQINtNtCsdfjrgz5TZDL_5alloc3vec3VechENtB1T_15PrettyFormatterEECs9aHzSL9YGbd_12libcontainer
FNDA:0,_RINvXNvNtCs6dyzbgxNKb8_10libcgroups5statss4_1__NtB5_8PidStatsNtNtCsdJwOYunNrgH_5serde3ser9Serialize9serializeQINtNtCs5MpeWeKc5si_10serde_json3ser10SerializerQINtNtCsdfjrgz5TZDL_5alloc3vec3VechENtB1N_15PrettyFormatterEECs9aHzSL9YGbd_12libcontainer
FNF:89
FNH:61
DA:14,0
DA:29,0
DA:38,4
DA:55,1
DA:66,0
DA:85,2
DA:98,2
DA:107,4
DA:128,20
DA:142,0
DA:143,0
DA:144,0
DA:145,0
DA:146,0
DA:147,0
DA:149,0
DA:151,0
DA:155,2
DA:166,0
DA:167,0
DA:168,0
DA:169,0
DA:170,0
DA:171,0
DA:172,0
DA:173,0
DA:174,0
DA:175,0
DA:176,0
DA:177,0
DA:180,0
DA:181,0
DA:184,3
DA:185,3
DA:186,3
DA:188,3
DA:190,3
DA:191,1
DA:192,2
DA:193,1
DA:195,1
DA:198,3
DA:199,0
DA:200,0
DA:201,0
DA:202,3
DA:212,11
DA:213,11
DA:214,11
DA:215,11
DA:216,11
DA:227,10
DA:228,10
DA:229,10
DA:230,10
DA:231,0
DA:232,10
DA:233,10
DA:234,10
DA:235,2
DA:236,2
DA:237,2
DA:238,2
DA:239,2
DA:240,10
DA:241,10
DA:244,7
DA:245,7
DA:246,7
DA:247,19
DA:248,19
DA:249,19
DA:250,3
DA:251,3
DA:252,3
DA:253,3
DA:254,16
DA:255,16
DA:256,16
DA:257,16
DA:258,16
DA:259,1
DA:260,1
DA:261,1
DA:262,1
DA:263,1
DA:264,16
DA:268,3
DA:269,7
DA:272,5
DA:273,5
DA:274,5
DA:275,8
DA:276,8
DA:277,23
DA:278,3
DA:279,5
DA:280,5
DA:281,5
DA:282,5
DA:283,5
DA:284,5
DA:285,5
DA:286,21
DA:287,5
DA:288,5
DA:291,2
DA:292,5
DA:302,16
DA:303,16
DA:304,16
DA:305,0
DA:306,16
DA:307,16
DA:308,16
DA:309,16
DA:312,2
DA:313,2
DA:315,2
DA:316,2
DA:317,2
DA:318,2
DA:319,2
DA:321,2
DA:322,2
DA:323,2
DA:324,1
DA:325,1
DA:327,2
DA:328,2
DA:336,1
DA:337,1
DA:338,1
DA:339,1
DA:340,1
DA:342,1
DA:343,1
DA:344,1
DA:345,1
DA:346,1
DA:348,1
DA:349,1
DA:350,1
DA:351,1
DA:352,1
DA:354,1
DA:355,1
DA:356,1
DA:357,1
DA:358,1
DA:359,1
DA:360,1
DA:361,1
DA:363,1
DA:364,1
DA:365,1
DA:366,1
DA:367,1
DA:368,1
DA:369,1
DA:370,1
DA:372,1
DA:373,1
DA:374,1
DA:375,1
DA:376,1
DA:377,1
DA:378,1
DA:379,1
DA:381,1
DA:382,1
DA:383,1
DA:384,1
DA:385,1
DA:386,1
DA:387,1
DA:388,1
DA:389,1
DA:390,1
DA:391,1
DA:392,1
DA:393,1
DA:394,1
DA:396,1
DA:397,1
DA:398,1
DA:399,1
DA:400,1
DA:401,1
DA:402,1
DA:403,1
DA:404,1
DA:406,1
DA:407,1
DA:408,1
DA:409,1
DA:410,1
DA:411,1
DA:412,1
DA:413,1
DA:414,1
DA:416,1
DA:417,1
DA:418,1
DA:419,1
DA:420,1
DA:421,1
DA:422,1
DA:423,1
DA:424,1
DA:426,1
DA:427,1
DA:428,1
DA:429,1
DA:430,1
DA:431,1
DA:432,1
DA:433,1
DA:434,1
DA:435,1
DA:436,1
DA:437,1
DA:438,1
DA:439,1
DA:441,1
DA:442,1
DA:443,1
DA:444,1
DA:445,1
DA:446,1
DA:447,1
DA:448,1
DA:449,1
DA:450,1
DA:451,1
DA:452,1
DA:453,1
DA:454,1
DA:455,1
DA:456,1
DA:457,1
DA:458,1
DA:459,1
DA:460,1
DA:461,1
DA:462,1
DA:463,1
DA:464,1
DA:465,1
DA:466,1
DA:467,1
DA:468,1
DA:469,1
DA:470,1
DA:471,1
DA:472,1
DA:473,1
DA:474,1
DA:475,1
DA:476,1
DA:477,1
DA:478,1
DA:479,1
DA:480,1
DA:482,1
DA:483,1
DA:484,1
DA:485,1
DA:486,1
DA:487,1
DA:488,1
DA:489,1
DA:490,1
DA:492,1
DA:493,1
DA:494,1
DA:495,1
DA:496,1
DA:497,1
DA:498,1
DA:499,1
DA:500,1
DA:502,1
DA:503,1
DA:504,1
DA:505,1
DA:506,1
DA:507,1
DA:508,1
DA:509,1
DA:510,1
DA:512,1
DA:513,1
DA:514,1
DA:515,1
DA:516,1
DA:518,1
DA:519,1
DA:520,1
DA:521,1
DA:522,1
BRF:0
BRH:0
LF:339
LH:286
end_of_record
SF:crates/libcgroups/src/systemd/controller_type.rs
FN:26,_RNvXs_NtNtCs6dyzbgxNKb8_10libcgroups7systemd15controller_typeNtB4_14ControllerTypeINtNtCshypYLURccL2_4core7convert5AsRefeE6as_ref
FN:12,_RNvXNtNtCs6dyzbgxNKb8_10libcgroups7systemd15controller_typeNtB2_14ControllerTypeNtNtCshypYLURccL2_4core3fmt7Display3fmt
FNDA:0,_RNvXs_NtNtCs6dyzbgxNKb8_10libcgroups7systemd15controller_typeNtB4_14ControllerTypeINtNtCshypYLURccL2_4core7convert5AsRefeE6as_ref
FNDA:0,_RNvXNtNtCs6dyzbgxNKb8_10libcgroups7systemd15controller_typeNtB2_14ControllerTypeNtNtCshypYLURccL2_4core3fmt7Display3fmt
FNF:2
FNH:0
DA:12,0
DA:13,0
DA:14,0
DA:15,0
DA:16,0
DA:17,0
DA:18,0
DA:21,0
DA:22,0
DA:26,0
DA:27,0
DA:28,0
DA:29,0
DA:30,0
DA:31,0
DA:32,0
DA:34,0
BRF:0
BRH:0
LF:17
LH:0
end_of_record
SF:crates/libcgroups/src/systemd/cpu.rs
FN:112,_RNCNvNtNtNtCslEpTaKix7hR_10libcgroups7systemd3cpu5tests14test_set_quota0B9_
FN:91,_RNvNtNtNtCslEpTaKix7hR_10libcgroups7systemd3cpu5testss_15test_set_shares
FN:134,_RNCNvNtNtNtCslEpTaKix7hR_10libcgroups7systemd3cpu5tests15test_set_period0B9_
FN:113,_RNvNtNtNtCslEpTaKix7hR_10libcgroups7systemd3cpu5testss_14test_set_quota
FN:135,_RNvNtNtNtCslEpTaKix7hR_10libcgroups7systemd3cpu5testss_15test_set_period
FN:90,_RNCNvNtNtNtCslEpTaKix7hR_10libcgroups7systemd3cpu5tests15test_set_shares0B9_
FN:75,_RNvNtNtCslEpTaKix7hR_10libcgroups7systemd3cpu25convert_shares_to_cgroup2
FN:70,_RNvMs_NtNtCslEpTaKix7hR_10libcgroups7systemd3cpuNtB4_3Cpu21is_realtime_requested
FN:34,_RNvMs_NtNtCslEpTaKix7hR_10libcgroups7systemd3cpuNtB4_3Cpu5apply
FN:23,_RNvXNtNtCslEpTaKix7hR_10libcgroups7systemd3cpuNtB2_3CpuNtNtB4_10controller10Controller5apply
FN:34,_RNvMs_NtNtCs6dyzbgxNKb8_10libcgroups7systemd3cpuNtB4_3Cpu5apply
FN:23,_RNvXNtNtCs6dyzbgxNKb8_10libcgroups7systemd3cpuNtB2_3CpuNtNtB4_10controller10Controller5apply
FN:75,_RNvNtNtCs6dyzbgxNKb8_10libcgroups7systemd3cpu25convert_shares_to_cgroup2
FN:70,_RNvMs_NtNtCs6dyzbgxNKb8_10libcgroups7systemd3cpuNtB4_3Cpu21is_realtime_requested
FNDA:1,_RNCNvNtNtNtCslEpTaKix7hR_10libcgroups7systemd3cpu5tests14test_set_quota0B9_
FNDA:1,_RNvNtNtNtCslEpTaKix7hR_10libcgroups7systemd3cpu5testss_15test_set_shares
FNDA:1,_RNCNvNtNtNtCslEpTaKix7hR_10libcgroups7systemd3cpu5tests15test_set_period0B9_
FNDA:1,_RNvNtNtNtCslEpTaKix7hR_10libcgroups7systemd3cpu5testss_14test_set_quota
FNDA:1,_RNvNtNtNtCslEpTaKix7hR_10libcgroups7systemd3cpu5testss_15test_set_period
FNDA:1,_RNCNvNtNtNtCslEpTaKix7hR_10libcgroups7systemd3cpu5tests15test_set_shares0B9_
FNDA:2,_RNvNtNtCslEpTaKix7hR_10libcgroups7systemd3cpu25convert_shares_to_cgroup2
FNDA:6,_RNvMs_NtNtCslEpTaKix7hR_10libcgroups7systemd3cpuNtB4_3Cpu21is_realtime_requested
FNDA:6,_RNvMs_NtNtCslEpTaKix7hR_10libcgroups7systemd3cpuNtB4_3Cpu5apply
FNDA:0,_RNvXNtNtCslEpTaKix7hR_10libcgroups7systemd3cpuNtB2_3CpuNtNtB4_10controller10Controller5apply
FNDA:0,_RNvMs_NtNtCs6dyzbgxNKb8_10libcgroups7systemd3cpuNtB4_3Cpu5apply
FNDA:0,_RNvXNtNtCs6dyzbgxNKb8_10libcgroups7systemd3cpuNtB2_3CpuNtNtB4_10controller10Controller5apply
FNDA:0,_RNvNtNtCs6dyzbgxNKb8_10libcgroups7systemd3cpu25convert_shares_to_cgroup2
FNDA:0,_RNvMs_NtNtCs6dyzbgxNKb8_10libcgroups7systemd3cpuNtB4_3Cpu21is_realtime_requested
FNF:10
FNH:9
DA:23,0
DA:24,0
DA:25,0
DA:26,0
DA:27,0
DA:28,0
DA:29,0
DA:30,0
DA:34,6
DA:35,6
DA:36,0
DA:37,6
DA:39,6
DA:40,1
DA:41,1
DA:42,1
DA:43,1
DA:44,5
DA:47,6
DA:48,6
DA:49,3
DA:50,1
DA:51,1
DA:52,1
DA:53,1
DA:54,1
DA:55,2
DA:56,3
DA:57,6
DA:58,6
DA:59,6
DA:60,6
DA:61,2
DA:62,1
DA:63,1
DA:64,4
DA:65,6
DA:66,6
DA:67,6
DA:68,6
DA:70,6
DA:71,6
DA:72,6
DA:75,2
DA:76,2
DA:77,0
DA:78,2
DA:79,2
DA:80,2
DA:81,2
DA:90,1
DA:91,1
DA:93,1
DA:94,1
DA:95,1
DA:96,1
DA:97,1
DA:98,1
DA:99,1
DA:100,1
DA:103,1
DA:105,1
DA:106,1
DA:107,1
DA:109,1
DA:110,1
DA:112,1
DA:113,1
DA:114,1
DA:116,3
DA:117,3
DA:118,3
DA:119,3
DA:120,3
DA:121,3
DA:122,3
DA:125,3
DA:126,3
DA:127,3
DA:128,3
DA:131,1
DA:132,1
DA:134,1
DA:135,1
DA:136,1
DA:138,2
DA:139,2
DA:140,2
DA:141,2
DA:142,2
DA:143,2
DA:144,2
DA:145,2
DA:146,2
DA:149,2
DA:150,2
DA:151,2
DA:152,2
[...]
FN:75,_RNCNCNvXsb_CskkaXMCytunE_10liboci_cliNtB9_10GlobalOptsNtNtCsg5rtO9LFlBX_4clap6derive4Args23augment_args_for_updates0_00B9_
FN:73,_RNCNvXsa_CskkaXMCytunE_10liboci_cliNtB7_10GlobalOptsNtNtCsg5rtO9LFlBX_4clap6derive14FromArgMatches23update_from_arg_matchess_0B7_
FN:75,_RNCNvXsa_CskkaXMCytunE_10liboci_cliNtB7_10GlobalOptsNtNtCsg5rtO9LFlBX_4clap6derive14FromArgMatches23update_from_arg_matchess0_0B7_
FN:49,_RNvXs6_CskkaXMCytunE_10liboci_cliNtB5_9CommonCmdNtNtCsg5rtO9LFlBX_4clap6derive10Subcommand19augment_subcommands
FN:73,_RNCNvXsb_CskkaXMCytunE_10liboci_cliNtB7_10GlobalOptsNtNtCsg5rtO9LFlBX_4clap6derive4Args12augment_argss_0B7_
FN:71,_RNCNCNvXsb_CskkaXMCytunE_10liboci_cliNtB9_10GlobalOptsNtNtCsg5rtO9LFlBX_4clap6derive4Args23augment_args_for_update00B9_
FN:73,_RNCNvXsa_CskkaXMCytunE_10liboci_cliNtB7_10GlobalOptsNtNtCsg5rtO9LFlBX_4clap6derive14FromArgMatches16from_arg_matchess_0B7_
FN:49,_RNvXs5_CskkaXMCytunE_10liboci_cliNtB5_9CommonCmdNtNtCsg5rtO9LFlBX_4clap6derive14FromArgMatches23update_from_arg_matches
FN:65,_RNvXs9_CskkaXMCytunE_10liboci_cliNtB5_10GlobalOptsNtNtCsg5rtO9LFlBX_4clap6derive7IntoApp19into_app_for_update
FN:65,_RNvXsa_CskkaXMCytunE_10liboci_cliNtB5_10GlobalOptsNtNtCsg5rtO9LFlBX_4clap6derive14FromArgMatches16from_arg_matches
FN:65,_RNvXsb_CskkaXMCytunE_10liboci_cliNtB5_10GlobalOptsNtNtCsg5rtO9LFlBX_4clap6derive4Args23augment_args_for_update
FN:75,_RNCNvXsa_CskkaXMCytunE_10liboci_cliNtB7_10GlobalOptsNtNtCsg5rtO9LFlBX_4clap6derive14FromArgMatches16from_arg_matchess0_0B7_
FN:65,_RNvXsc_CskkaXMCytunE_10liboci_cliNtB5_10GlobalOptsNtNtCshypYLURccL2_4core3fmt5Debug3fmt
FN:65,_RNvXsa_CskkaXMCytunE_10liboci_cliNtB5_10GlobalOptsNtNtCsg5rtO9LFlBX_4clap6derive14FromArgMatches23update_from_arg_matches
FN:49,_RNvXs6_CskkaXMCytunE_10liboci_cliNtB5_9CommonCmdNtNtCsg5rtO9LFlBX_4clap6derive10Subcommand30augment_subcommands_for_update
FN:75,_RNCNvXsb_CskkaXMCytunE_10liboci_cliNtB7_10GlobalOptsNtNtCsg5rtO9LFlBX_4clap6derive4Args12augment_argss0_0B7_
FN:73,_RNCNCNvXsb_CskkaXMCytunE_10liboci_cliNtB9_10GlobalOptsNtNtCsg5rtO9LFlBX_4clap6derive4Args23augment_args_for_updates_00B9_
FN:71,_RNCNvXsb_CskkaXMCytunE_10liboci_cliNtB7_10GlobalOptsNtNtCsg5rtO9LFlBX_4clap6derive4Args23augment_args_for_update0B7_
FN:49,_RNvXs5_CskkaXMCytunE_10liboci_cliNtB5_9CommonCmdNtNtCsg5rtO9LFlBX_4clap6derive14FromArgMatches16from_arg_matches
FN:36,_RNvXs0_CskkaXMCytunE_10liboci_cliNtB5_11StandardCmdNtNtCsg5rtO9LFlBX_4clap6derive14FromArgMatches23update_from_arg_matches
FN:36,_RNvXs_CskkaXMCytunE_10liboci_cliNtB4_11StandardCmdNtNtCsg5rtO9LFlBX_4clap6derive7IntoApp8into_app
FN:49,_RNvXs6_CskkaXMCytunE_10liboci_cliNtB5_9CommonCmdNtNtCsg5rtO9LFlBX_4clap6derive10Subcommand14has_subcommand
FN:49,_RNvXs7_CskkaXMCytunE_10liboci_cliNtB5_9CommonCmdNtNtCshypYLURccL2_4core3fmt5Debug3fmt
FN:71,_RNCNvXsb_CskkaXMCytunE_10liboci_cliNtB7_10GlobalOptsNtNtCsg5rtO9LFlBX_4clap6derive4Args12augment_args0B7_
FN:71,_RNCNvXsa_CskkaXMCytunE_10liboci_cliNtB7_10GlobalOptsNtNtCsg5rtO9LFlBX_4clap6derive14FromArgMatches16from_arg_matches0B7_
FN:36,_RNvXs2_CskkaXMCytunE_10liboci_cliNtB5_11StandardCmdNtNtCshypYLURccL2_4core3fmt5Debug3fmt
FN:65,_RNvXs9_CskkaXMCytunE_10liboci_cliNtB5_10GlobalOptsNtNtCsg5rtO9LFlBX_4clap6derive7IntoApp8into_app
FN:49,_RNvXs4_CskkaXMCytunE_10liboci_cliNtB5_9CommonCmdNtNtCsg5rtO9LFlBX_4clap6derive7IntoApp19into_app_for_update
FN:49,_RNvXs4_CskkaXMCytunE_10liboci_cliNtB5_9CommonCmdNtNtCsg5rtO9LFlBX_4clap6derive7IntoApp8into_app
FN:71,_RNCNvXsa_CskkaXMCytunE_10liboci_cliNtB7_10GlobalOptsNtNtCsg5rtO9LFlBX_4clap6derive14FromArgMatches23update_from_arg_matches0B7_
FN:75,_RNCNCNvXsb_CskkaXMCytunE_10liboci_cliNtB9_10GlobalOptsNtNtCsg5rtO9LFlBX_4clap6derive4Args12augment_argss0_00B9_
FN:36,_RNvXs_CskkaXMCytunE_10liboci_cliNtB4_11StandardCmdNtNtCsg5rtO9LFlBX_4clap6derive7IntoApp19into_app_for_update
FNDA:0,_RNCNCNvXsb_CskkaXMCytunE_10liboci_cliNtB9_10GlobalOptsNtNtCsg5rtO9LFlBX_4clap6derive4Args12augment_argss_00B9_
FNDA:0,_RNCNvXsb_CskkaXMCytunE_10liboci_cliNtB7_10GlobalOptsNtNtCsg5rtO9LFlBX_4clap6derive4Args23augment_args_for_updates_0B7_
FNDA:0,_RNCNvXsb_CskkaXMCytunE_10liboci_cliNtB7_10GlobalOptsNtNtCsg5rtO9LFlBX_4clap6derive4Args23augment_args_for_updates0_0B7_
FNDA:1,_RNvCskkaXMCytunE_10liboci_cli4main
FNDA:0,_RNvXsb_CskkaXMCytunE_10liboci_cliNtB5_10GlobalOptsNtNtCsg5rtO9LFlBX_4clap6derive4Args12augment_args
FNDA:0,_RNvXs0_CskkaXMCytunE_10liboci_cliNtB5_11StandardCmdNtNtCsg5rtO9LFlBX_4clap6derive14FromArgMatches16from_arg_matches
FNDA:0,_RNCNCNvXsb_CskkaXMCytunE_10liboci_cliNtB9_10GlobalOptsNtNtCsg5rtO9LFlBX_4clap6derive4Args12augment_args00B9_
FNDA:0,_RNvXs1_CskkaXMCytunE_10liboci_cliNtB5_11StandardCmdNtNtCsg5rtO9LFlBX_4clap6derive10Subcommand19augment_subcommands
FNDA:0,_RNvXs1_CskkaXMCytunE_10liboci_cliNtB5_11StandardCmdNtNtCsg5rtO9LFlBX_4clap6derive10Subcommand14has_subcommand
FNDA:0,_RNvXs1_CskkaXMCytunE_10liboci_cliNtB5_11StandardCmdNtNtCsg5rtO9LFlBX_4clap6derive10Subcommand30augment_subcommands_for_update
FNDA:0,_RNCNCNvXsb_CskkaXMCytunE_10liboci_cliNtB9_10GlobalOptsNtNtCsg5rtO9LFlBX_4clap6derive4Args23augment_args_for_updates0_00B9_
FNDA:0,_RNCNvXsa_CskkaXMCytunE_10liboci_cliNtB7_10GlobalOptsNtNtCsg5rtO9LFlBX_4clap6derive14FromArgMatches23update_from_arg_matchess_0B7_
FNDA:0,_RNCNvXsa_CskkaXMCytunE_10liboci_cliNtB7_10GlobalOptsNtNtCsg5rtO9LFlBX_4clap6derive14FromArgMatches23update_from_arg_matchess0_0B7_
FNDA:0,_RNvXs6_CskkaXMCytunE_10liboci_cliNtB5_9CommonCmdNtNtCsg5rtO9LFlBX_4clap6derive10Subcommand19augment_subcommands
FNDA:0,_RNCNvXsb_CskkaXMCytunE_10liboci_cliNtB7_10GlobalOptsNtNtCsg5rtO9LFlBX_4clap6derive4Args12augment_argss_0B7_
FNDA:0,_RNCNCNvXsb_CskkaXMCytunE_10liboci_cliNtB9_10GlobalOptsNtNtCsg5rtO9LFlBX_4clap6derive4Args23augment_args_for_update00B9_
FNDA:0,_RNCNvXsa_CskkaXMCytunE_10liboci_cliNtB7_10GlobalOptsNtNtCsg5rtO9LFlBX_4clap6derive14FromArgMatches16from_arg_matchess_0B7_
FNDA:0,_RNvXs5_CskkaXMCytunE_10liboci_cliNtB5_9CommonCmdNtNtCsg5rtO9LFlBX_4clap6derive14FromArgMatches23update_from_arg_matches
FNDA:0,_RNvXs9_CskkaXMCytunE_10liboci_cliNtB5_10GlobalOptsNtNtCsg5rtO9LFlBX_4clap6derive7IntoApp19into_app_for_update
FNDA:0,_RNvXsa_CskkaXMCytunE_10liboci_cliNtB5_10GlobalOptsNtNtCsg5rtO9LFlBX_4clap6derive14FromArgMatches16from_arg_matches
FNDA:0,_RNvXsb_CskkaXMCytunE_10liboci_cliNtB5_10GlobalOptsNtNtCsg5rtO9LFlBX_4clap6derive4Args23augment_args_for_update
FNDA:0,_RNCNvXsa_CskkaXMCytunE_10liboci_cliNtB7_10GlobalOptsNtNtCsg5rtO9LFlBX_4clap6derive14FromArgMatches16from_arg_matchess0_0B7_
FNDA:0,_RNvXsc_CskkaXMCytunE_10liboci_cliNtB5_10GlobalOptsNtNtCshypYLURccL2_4core3fmt5Debug3fmt
FNDA:0,_RNvXsa_CskkaXMCytunE_10liboci_cliNtB5_10GlobalOptsNtNtCsg5rtO9LFlBX_4clap6derive14FromArgMatches23update_from_arg_matches
FNDA:0,_RNvXs6_CskkaXMCytunE_10liboci_cliNtB5_9CommonCmdNtNtCsg5rtO9LFlBX_4clap6derive10Subcommand30augment_subcommands_for_update
FNDA:0,_RNCNvXsb_CskkaXMCytunE_10liboci_cliNtB7_10GlobalOptsNtNtCsg5rtO9LFlBX_4clap6derive4Args12augment_argss0_0B7_
FNDA:0,_RNCNCNvXsb_CskkaXMCytunE_10liboci_cliNtB9_10GlobalOptsNtNtCsg5rtO9LFlBX_4clap6derive4Args23augment_args_for_updates_00B9_
FNDA:0,_RNCNvXsb_CskkaXMCytunE_10liboci_cliNtB7_10GlobalOptsNtNtCsg5rtO9LFlBX_4clap6derive4Args23augment_args_for_update0B7_
FNDA:0,_RNvXs5_CskkaXMCytunE_10liboci_cliNtB5_9CommonCmdNtNtCsg5rtO9LFlBX_4clap6derive14FromArgMatches16from_arg_matches
FNDA:0,_RNvXs0_CskkaXMCytunE_10liboci_cliNtB5_11StandardCmdNtNtCsg5rtO9LFlBX_4clap6derive14FromArgMatches23update_from_arg_matches
FNDA:0,_RNvXs_CskkaXMCytunE_10liboci_cliNtB4_11StandardCmdNtNtCsg5rtO9LFlBX_4clap6derive7IntoApp8into_app
FNDA:0,_RNvXs6_CskkaXMCytunE_10liboci_cliNtB5_9CommonCmdNtNtCsg5rtO9LFlBX_4clap6derive10Subcommand14has_subcommand
FNDA:0,_RNvXs7_CskkaXMCytunE_10liboci_cliNtB5_9CommonCmdNtNtCshypYLURccL2_4core3fmt5Debug3fmt
FNDA:0,_RNCNvXsb_CskkaXMCytunE_10liboci_cliNtB7_10GlobalOptsNtNtCsg5rtO9LFlBX_4clap6derive4Args12augment_args0B7_
FNDA:0,_RNCNvXsa_CskkaXMCytunE_10liboci_cliNtB7_10GlobalOptsNtNtCsg5rtO9LFlBX_4clap6derive14FromArgMatches16from_arg_matches0B7_
FNDA:0,_RNvXs2_CskkaXMCytunE_10liboci_cliNtB5_11StandardCmdNtNtCshypYLURccL2_4core3fmt5Debug3fmt
FNDA:0,_RNvXs9_CskkaXMCytunE_10liboci_cliNtB5_10GlobalOptsNtNtCsg5rtO9LFlBX_4clap6derive7IntoApp8into_app
FNDA:0,_RNvXs4_CskkaXMCytunE_10liboci_cliNtB5_9CommonCmdNtNtCsg5rtO9LFlBX_4clap6derive7IntoApp19into_app_for_update
FNDA:0,_RNvXs4_CskkaXMCytunE_10liboci_cliNtB5_9CommonCmdNtNtCsg5rtO9LFlBX_4clap6derive7IntoApp8into_app
FNDA:0,_RNCNvXsa_CskkaXMCytunE_10liboci_cliNtB7_10GlobalOptsNtNtCsg5rtO9LFlBX_4clap6derive14FromArgMatches23update_from_arg_matches0B7_
FNDA:0,_RNCNCNvXsb_CskkaXMCytunE_10liboci_cliNtB9_10GlobalOptsNtNtCsg5rtO9LFlBX_4clap6derive4Args12augment_argss0_00B9_
FNDA:0,_RNvXs_CskkaXMCytunE_10liboci_cliNtB4_11StandardCmdNtNtCsg5rtO9LFlBX_4clap6derive7IntoApp19into_app_for_update
FNF:10
FNH:1
DA:1,1
DA:36,0
DA:49,0
DA:65,0
DA:71,0
DA:72,0
DA:73,0
DA:74,0
DA:75,0
DA:76,0
DA:77,0
BRF:0
BRH:0
LF:14
LH:1
end_of_record
SF:crates/youki/src/commands/spec_json.rs
FN:13,_RNvNtNtCs8Whkub5PQRS_5youki8commands9spec_json11get_default
FN:72,_RNCNvNtNtCs8Whkub5PQRS_5youki8commands9spec_json12get_rootlesss0_0B7_
FN:17,_RNvNtNtCs8Whkub5PQRS_5youki8commands9spec_json12get_rootless
FN:71,_RNCNvNtNtCs8Whkub5PQRS_5youki8commands9spec_json12get_rootlesss_0B7_
FN:84,_RNvNtNtCs8Whkub5PQRS_5youki8commands9spec_json4spec
FN:21,_RNCNvNtNtCs8Whkub5PQRS_5youki8commands9spec_json12get_rootless0B7_
FN:104,_RNvNtNtNtCs8Whkub5PQRS_5youki8commands9spec_json5testss_14test_spec_json
FN:103,_RNCNvNtNtNtCs8Whkub5PQRS_5youki8commands9spec_json5tests14test_spec_json0B9_
FN:104,_RNCNvNtNtNtCs8Whkub5PQRS_5youki8commands9spec_json5testss_14test_spec_json0B9_
FNDA:1,_RNvNtNtCs8Whkub5PQRS_5youki8commands9spec_json11get_default
FNDA:22,_RNCNvNtNtCs8Whkub5PQRS_5youki8commands9spec_json12get_rootlesss0_0B7_
FNDA:1,_RNvNtNtCs8Whkub5PQRS_5youki8commands9spec_json12get_rootless
FNDA:23,_RNCNvNtNtCs8Whkub5PQRS_5youki8commands9spec_json12get_rootlesss_0B7_
FNDA:0,_RNvNtNtCs8Whkub5PQRS_5youki8commands9spec_json4spec
FNDA:5,_RNCNvNtNtCs8Whkub5PQRS_5youki8commands9spec_json12get_rootless0B7_
FNDA:1,_RNvNtNtNtCs8Whkub5PQRS_5youki8commands9spec_json5testss_14test_spec_json
FNDA:1,_RNCNvNtNtNtCs8Whkub5PQRS_5youki8commands9spec_json5tests14test_spec_json0B9_
FNDA:1,_RNCNvNtNtNtCs8Whkub5PQRS_5youki8commands9spec_json5testss_14test_spec_json0B9_
FNF:8
FNH:7
DA:13,1
DA:14,1
DA:15,1
DA:17,1
DA:18,1
DA:19,1
DA:20,1
DA:21,5
DA:22,5
DA:23,5
DA:24,1
DA:25,1
DA:26,1
DA:27,1
DA:28,1
DA:29,1
DA:30,1
DA:33,1
DA:34,1
DA:36,1
DA:37,1
DA:38,1
DA:39,1
DA:40,1
DA:41,1
DA:42,1
DA:43,1
DA:44,1
DA:45,1
DA:46,1
DA:47,1
DA:48,1
DA:52,1
DA:53,7
DA:54,7
DA:55,1
DA:56,1
DA:57,1
DA:58,1
DA:59,1
DA:60,1
DA:61,1
DA:62,1
DA:63,1
DA:64,1
DA:65,6
DA:66,6
DA:67,6
DA:68,6
DA:69,6
DA:70,6
DA:71,23
DA:72,22
DA:73,6
DA:74,6
DA:75,6
DA:78,1
DA:79,1
DA:80,1
DA:81,1
DA:84,0
DA:85,0
DA:86,0
DA:88,0
DA:92,0
DA:93,0
DA:94,0
DA:103,1
DA:104,2
BRF:0
BRH:0
LF:73
LH:66
end_of_record
SF:crates/youki/src/logger.rs
FN:127,_RNvNtCs8Whkub5PQRS_5youki6logger11json_format
FN:102,_RNvXs_NtCs8Whkub5PQRS_5youki6loggerNtB4_11YoukiLoggerNtCs3BgggjC16iO_3log3Log3log
FN:193,_RNCNvNtNtCs8Whkub5PQRS_5youki6logger5tests29test_detect_log_level_default0B7_
FN:32,_RNvNtCs8Whkub5PQRS_5youki6logger4init
FN:39,_RNCNvNtCs8Whkub5PQRS_5youki6logger4init0B5_
FN:213,_RNvNtNtCs8Whkub5PQRS_5youki6logger5testss_12test_logfile
FN:206,_RNvNtNtCs8Whkub5PQRS_5youki6logger5testss_30test_detect_log_level_from_env
FN:179,_RNvXs_NtNtCs8Whkub5PQRS_5youki6logger5testsNtB4_13LogLevelGuardNtNtNtCshypYLURccL2_4core3ops4drop4Drop4drop
FN:94,_RNvXs_NtCs8Whkub5PQRS_5youki6loggerNtB4_11YoukiLoggerNtCs3BgggjC16iO_3log3Log7enabled
FN:170,_RNvMNtNtCs8Whkub5PQRS_5youki6logger5testsNtB2_13LogLevelGuard3new
FN:188,_RNvNtNtCs8Whkub5PQRS_5youki6logger5testss_30test_detect_log_level_is_debug
FN:194,_RNCNvNtNtCs8Whkub5PQRS_5youki6logger5testss_29test_detect_log_level_default0B7_
FN:40,_RNCNCNvNtCs8Whkub5PQRS_5youki6logger4init00B7_
FN:136,_RNvNtCs8Whkub5PQRS_5youki6logger11text_format
FN:194,_RNvNtNtCs8Whkub5PQRS_5youki6logger5testss_29test_detect_log_level_default
FN:58,_RNvNtCs8Whkub5PQRS_5youki6logger17detect_log_format
FN:85,_RNvMNtCs8Whkub5PQRS_5youki6loggerNtB2_11YoukiLogger3new
FN:52,_RNCNvNtCs8Whkub5PQRS_5youki6logger4inits_0B5_
FN:119,_RNvXs_NtCs8Whkub5PQRS_5youki6loggerNtB4_11YoukiLoggerNtCs3BgggjC16iO_3log3Log5flush
FN:212,_RNCNvNtNtCs8Whkub5PQRS_5youki6logger5tests12test_logfile0B7_
FN:66,_RNvNtCs8Whkub5PQRS_5youki6logger16detect_log_level
FN:187,_RNCNvNtNtCs8Whkub5PQRS_5youki6logger5tests30test_detect_log_level_is_debug0B7_
FN:206,_RNCNvNtNtCs8Whkub5PQRS_5youki6logger5testss_30test_detect_log_level_from_env0B7_
FN:205,_RNCNvNtNtCs8Whkub5PQRS_5youki6logger5tests30test_detect_log_level_from_env0B7_
FNDA:0,_RNvNtCs8Whkub5PQRS_5youki6logger11json_format
FNDA:1,_RNvXs_NtCs8Whkub5PQRS_5youki6loggerNtB4_11YoukiLoggerNtCs3BgggjC16iO_3log3Log3log
FNDA:1,_RNCNvNtNtCs8Whkub5PQRS_5youki6logger5tests29test_detect_log_level_default0B7_
FNDA:1,_RNvNtCs8Whkub5PQRS_5youki6logger4init
FNDA:1,_RNCNvNtCs8Whkub5PQRS_5youki6logger4init0B5_
FNDA:1,_RNvNtNtCs8Whkub5PQRS_5youki6logger5testss_12test_logfile
FNDA:1,_RNvNtNtCs8Whkub5PQRS_5youki6logger5testss_30test_detect_log_level_from_env
FNDA:0,_RNvXs_NtNtCs8Whkub5PQRS_5youki6logger5testsNtB4_13LogLevelGuardNtNtNtCshypYLURccL2_4core3ops4drop4Drop4drop
FNDA:1,_RNvXs_NtCs8Whkub5PQRS_5youki6loggerNtB4_11YoukiLoggerNtCs3BgggjC16iO_3log3Log7enabled
FNDA:3,_RNvMNtNtCs8Whkub5PQRS_5youki6logger5testsNtB2_13LogLevelGuard3new
FNDA:1,_RNvNtNtCs8Whkub5PQRS_5youki6logger5testss_30test_detect_log_level_is_debug
FNDA:1,_RNCNvNtNtCs8Whkub5PQRS_5youki6logger5testss_29test_detect_log_level_default0B7_
FNDA:1,_RNCNCNvNtCs8Whkub5PQRS_5youki6logger4init00B7_
FNDA:1,_RNvNtCs8Whkub5PQRS_5youki6logger11text_format
FNDA:1,_RNvNtNtCs8Whkub5PQRS_5youki6logger5testss_29test_detect_log_level_default
FNDA:1,_RNvNtCs8Whkub5PQRS_5youki6logger17detect_log_format
FNDA:1,_RNvMNtCs8Whkub5PQRS_5youki6loggerNtB2_11YoukiLogger3new
FNDA:1,_RNCNvNtCs8Whkub5PQRS_5youki6logger4inits_0B5_
FNDA:0,_RNvXs_NtCs8Whkub5PQRS_5youki6loggerNtB4_11YoukiLoggerNtCs3BgggjC16iO_3log3Log5flush
FNDA:1,_RNCNvNtNtCs8Whkub5PQRS_5youki6logger5tests12test_logfile0B7_
FNDA:4,_RNvNtCs8Whkub5PQRS_5youki6logger16detect_log_level
FNDA:1,_RNCNvNtNtCs8Whkub5PQRS_5youki6logger5tests30test_detect_log_level_is_debug0B7_
FNDA:1,_RNCNvNtNtCs8Whkub5PQRS_5youki6logger5testss_30test_detect_log_level_from_env0B7_
FNDA:1,_RNCNvNtNtCs8Whkub5PQRS_5youki6logger5tests30test_detect_log_level_from_env0B7_
FNF:22
FNH:19
DA:32,1
DA:33,1
DA:34,1
DA:35,1
DA:36,1
DA:37,1
DA:38,1
DA:39,1
DA:40,1
DA:41,1
DA:42,1
DA:43,1
DA:44,1
DA:45,1
DA:46,1
DA:47,1
DA:48,1
DA:49,1
DA:50,1
DA:51,1
DA:52,1
DA:53,1
DA:54,1
DA:55,1
DA:56,1
DA:58,1
DA:59,1
DA:60,1
DA:61,0
DA:62,0
DA:64,1
DA:66,4
DA:67,4
DA:68,2
DA:69,2
DA:70,1
DA:72,1
DA:74,4
DA:75,4
DA:85,1
DA:86,1
DA:87,1
DA:94,1
DA:95,1
DA:97,0
DA:99,1
DA:102,1
DA:103,1
DA:104,1
DA:105,1
DA:106,0
DA:109,1
DA:110,1
DA:111,1
DA:112,0
DA:113,0
DA:114,0
DA:115,1
DA:119,0
DA:120,0
DA:121,0
DA:122,0
DA:123,0
DA:124,0
DA:127,0
DA:128,0
DA:129,0
DA:130,0
DA:131,0
DA:132,0
DA:133,0
DA:134,0
DA:136,1
DA:137,1
DA:138,1
DA:139,1
DA:140,1
DA:141,1
DA:142,1
DA:143,1
DA:144,1
DA:145,1
DA:146,0
DA:147,0
DA:148,0
DA:149,0
DA:150,0
DA:151,0
DA:154,1
DA:155,1
DA:170,3
DA:171,3
DA:172,3
DA:173,3
DA:174,3
DA:179,3
DA:180,0
DA:181,3
DA:182,3
DA:183,3
DA:184,3
DA:187,1
DA:188,1
DA:189,1
DA:190,1
DA:191,1
DA:193,1
DA:194,1
DA:205,1
DA:206,1
DA:207,1
DA:212,1
DA:213,1
DA:214,1
DA:215,1
DA:216,1
DA:217,1
DA:218,1
DA:219,1
DA:220,1
DA:221,1
DA:222,1
DA:223,1
DA:224,1
DA:225,0
DA:228,1
DA:230,1
DA:231,1
DA:232,1
DA:233,1
DA:234,1
DA:235,1
DA:236,1
DA:237,0
DA:239,1
BRF:0
BRH:0
LF:140
LH:110
end_of_record
SF:crates/youki/src/main.rs
FN:27,_RNvXs_Cs8Whkub5PQRS_5youkiNtB4_4OptsNtNtCsg5rtO9LFlBX_4clap6derive7IntoApp19into_app_for_update
FN:27,_RNvXs0_Cs8Whkub5PQRS_5youkiNtB5_4OptsNtNtCsg5rtO9LFlBX_4clap6derive14FromArgMatches23update_from_arg_matches
FN:130,_RNvCs8Whkub5PQRS_5youki19determine_root_path
FN:82,_RNvCs8Whkub5PQRS_5youki4main
FN:39,_RNvXs4_Cs8Whkub5PQRS_5youkiNtB5_10SubCommandNtNtCsg5rtO9LFlBX_4clap6derive7IntoApp19into_app_for_update
FN:27,_RNvXs1_Cs8Whkub5PQRS_5youkiNtB5_4OptsNtNtCsg5rtO9LFlBX_4clap6derive4Args12augment_args
FN:27,_RNvXs1_Cs8Whkub5PQRS_5youkiNtB5_4OptsNtNtCsg5rtO9LFlBX_4clap6derive4Args23augment_args_for_update
FN:1,_RNvCs8Whkub5PQRS_5youkis_4main
FN:39,_RNvXs4_Cs8Whkub5PQRS_5youkiNtB5_10SubCommandNtNtCsg5rtO9LFlBX_4clap6derive7IntoApp8into_app
FN:39,_RNvXs6_Cs8Whkub5PQRS_5youkiNtB5_10SubCommandNtNtCsg5rtO9LFlBX_4clap6derive10Subcommand19augment_subcommands
FN:27,_RNvXs2_Cs8Whkub5PQRS_5youkiNtB5_4OptsNtNtCshypYLURccL2_4core3fmt5Debug3fmt
FN:39,_RNvXs5_Cs8Whkub5PQRS_5youkiNtB5_10SubCommandNtNtCsg5rtO9LFlBX_4clap6derive14FromArgMatches23update_from_arg_matches
FN:39,_RNvXs6_Cs8Whkub5PQRS_5youkiNtB5_10SubCommandNtNtCsg5rtO9LFlBX_4clap6derive10Subcommand14has_subcommand
FN:39,_RNvXs7_Cs8Whkub5PQRS_5youkiNtB5_10SubCommandNtNtCshypYLURccL2_4core3fmt5Debug3fmt
FN:27,_RNvXs0_Cs8Whkub5PQRS_5youkiNtB5_4OptsNtNtCsg5rtO9LFlBX_4clap6derive14FromArgMatches16from_arg_matches
FN:39,_RNvXs6_Cs8Whkub5PQRS_5youkiNtB5_10SubCommandNtNtCsg5rtO9LFlBX_4clap6derive10Subcommand30augment_subcommands_for_update
FN:39,_RNvXs5_Cs8Whkub5PQRS_5youkiNtB5_10SubCommandNtNtCsg5rtO9LFlBX_4clap6derive14FromArgMatches16from_arg_matches
FN:27,_RNvXs_Cs8Whkub5PQRS_5youkiNtB4_4OptsNtNtCsg5rtO9LFlBX_4clap6derive7IntoApp8into_app
FNDA:0,_RNvXs_Cs8Whkub5PQRS_5youkiNtB4_4OptsNtNtCsg5rtO9LFlBX_4clap6derive7IntoApp19into_app_for_update
FNDA:0,_RNvXs0_Cs8Whkub5PQRS_5youkiNtB5_4OptsNtNtCsg5rtO9LFlBX_4clap6derive14FromArgMatches23update_from_arg_matches
FNDA:0,_RNvCs8Whkub5PQRS_5youki19determine_root_path
FNDA:0,_RNvCs8Whkub5PQRS_5youki4main
FNDA:0,_RNvXs4_Cs8Whkub5PQRS_5youkiNtB5_10SubCommandNtNtCsg5rtO9LFlBX_4clap6derive7IntoApp19into_app_for_update
FNDA:0,_RNvXs1_Cs8Whkub5PQRS_5youkiNtB5_4OptsNtNtCsg5rtO9LFlBX_4clap6derive4Args12augment_args
FNDA:0,_RNvXs1_Cs8Whkub5PQRS_5youkiNtB5_4OptsNtNtCsg5rtO9LFlBX_4clap6derive4Args23augment_args_for_update
FNDA:1,_RNvCs8Whkub5PQRS_5youkis_4main
FNDA:0,_RNvXs4_Cs8Whkub5PQRS_5youkiNtB5_10SubCommandNtNtCsg5rtO9LFlBX_4clap6derive7IntoApp8into_app
FNDA:0,_RNvXs6_Cs8Whkub5PQRS_5youkiNtB5_10SubCommandNtNtCsg5rtO9LFlBX_4clap6derive10Subcommand19augment_subcommands
FNDA:0,_RNvXs2_Cs8Whkub5PQRS_5youkiNtB5_4OptsNtNtCshypYLURccL2_4core3fmt5Debug3fmt
FNDA:0,_RNvXs5_Cs8Whkub5PQRS_5youkiNtB5_10SubCommandNtNtCsg5rtO9LFlBX_4clap6derive14FromArgMatches23update_from_arg_matches
FNDA:0,_RNvXs6_Cs8Whkub5PQRS_5youkiNtB5_10SubCommandNtNtCsg5rtO9LFlBX_4clap6derive10Subcommand14has_subcommand
FNDA:0,_RNvXs7_Cs8Whkub5PQRS_5youkiNtB5_10SubCommandNtNtCshypYLURccL2_4core3fmt5Debug3fmt
FNDA:0,_RNvXs0_Cs8Whkub5PQRS_5youkiNtB5_4OptsNtNtCsg5rtO9LFlBX_4clap6derive14FromArgMatches16from_arg_matches
FNDA:0,_RNvXs6_Cs8Whkub5PQRS_5youkiNtB5_10SubCommandNtNtCsg5rtO9LFlBX_4clap6derive10Subcommand30augment_subcommands_for_update
FNDA:0,_RNvXs5_Cs8Whkub5PQRS_5youkiNtB5_10SubCommandNtNtCsg5rtO9LFlBX_4clap6derive14FromArgMatches16from_arg_matches
FNDA:0,_RNvXs_Cs8Whkub5PQRS_5youkiNtB4_4OptsNtNtCsg5rtO9LFlBX_4clap6derive7IntoApp8into_app
FNF:7
FNH:1
DA:1,1
DA:27,0
DA:39,0
DA:82,0
DA:84,0
DA:85,0
DA:87,0
DA:88,0
DA:89,0
DA:90,0
DA:92,0
DA:93,0
DA:94,0
DA:95,0
DA:97,0
DA:98,0
DA:99,0
DA:100,0
DA:101,0
DA:102,0
DA:103,0
DA:105,0
DA:106,0
DA:107,0
DA:108,0
DA:110,0
DA:111,0
DA:112,0
DA:113,0
DA:114,0
DA:115,0
DA:116,0
DA:117,0
DA:118,0
DA:119,0
DA:122,0
DA:123,0
DA:124,0
DA:127,0
DA:130,0
DA:131,0
DA:132,0
DA:133,0
DA:134,0
DA:135,0
DA:136,0
DA:137,0
DA:138,0
DA:139,0
DA:140,0
DA:141,0
DA:142,0
DA:143,0
DA:144,0
DA:145,0
DA:146,0
DA:147,0
DA:150,0
DA:151,0
DA:152,0
DA:153,0
DA:155,0
DA:156,0
DA:157,0
DA:158,0
DA:159,0
DA:160,0
DA:161,0
DA:162,0
DA:164,0
DA:165,0
DA:166,0
DA:167,0
DA:168,0
DA:169,0
DA:170,0
BRF:0
BRH:0
LF:78
LH:1
end_of_record